PRT1
321
1016
4 0 12 (1344 1024 576 ) (1080 1024 576 ) (1080 1024 128 ) (1344 1024 128 ) 
4 0 6 (1344 1024 128 ) (1088 1024 128 ) (1088 1088 128 ) (1344 1088 128 ) 
4 0 5 (1080 1088 128 ) (1080 1344 128 ) (1344 1344 128 ) (1344 1088 128 ) 
4 0 2 (1080 1032 256 ) (1080 1032 576 ) (1080 1080 576 ) (1080 1080 256 ) 
4 0 3 (1080 1032 128 ) (1080 1024 128 ) (1080 1024 576 ) (1080 1032 576 ) 
4 0 1 (1080 1344 128 ) (1080 1080 128 ) (1080 1080 576 ) (1080 1344 576 ) 
4 1 7 (1024 1080 576 ) (1024 1344 576 ) (1024 1344 128 ) (1024 1080 128 ) 
4 1 5 (1024 1088 128 ) (1024 1344 128 ) (1080 1344 128 ) (1080 1088 128 ) 
4 1 2 (1080 1080 256 ) (1080 1080 576 ) (1032 1080 576 ) (1032 1080 256 ) 
4 1 4 (1024 1080 128 ) (1032 1080 128 ) (1032 1080 576 ) (1024 1080 576 ) 
4 2 3 (1032 1032 576 ) (1032 1032 256 ) (1080 1032 256 ) (1080 1032 576 ) 
4 2 4 (1032 1080 576 ) (1032 1080 256 ) (1032 1032 256 ) (1032 1032 576 ) 
4 3 12 (1080 1024 576 ) (1032 1024 576 ) (1032 1024 128 ) (1080 1024 128 ) 
4 3 4 (1032 1032 128 ) (1032 1024 128 ) (1032 1024 576 ) (1032 1032 576 ) 
4 4 12 (1032 1024 576 ) (1024 1024 576 ) (1024 1024 128 ) (1032 1024 128 ) 
4 4 7 (1024 1024 128 ) (1024 1024 576 ) (1024 1080 576 ) (1024 1080 128 ) 
4 5 8 (1024 1088 128 ) (1024 1344 128 ) (1024 1344 0 ) (1024 1088 0 ) 
4 5 6 (1088 1088 0 ) (1344 1088 0 ) (1344 1088 128 ) (1088 1088 128 ) 
4 6 13 (1344 1024 128 ) (1088 1024 128 ) (1088 1024 0 ) (1344 1024 0 ) 
4 7 82 (0 1024 128 ) (0 1024 576 ) (0 1344 576 ) (0 1344 128 ) 
4 7 44 (0 1024 256 ) (0 1024 128 ) (32 1024 128 ) (32 1024 256 ) 
4 7 43 (32 1024 128 ) (434 1024 128 ) (434 1024 256 ) (32 1024 256 ) 
4 7 42 (434 1024 576 ) (0 1024 576 ) (0 1024 256 ) (434 1024 256 ) 
4 7 34 (690 1024 576 ) (434 1024 576 ) (434 1024 128 ) (690 1024 128 ) 
4 7 27 (846 1024 576 ) (690 1024 576 ) (690 1024 128 ) (846 1024 128 ) 
4 7 20 (1024 1024 128 ) (1024 1024 224 ) (846 1024 224 ) (846 1024 128 ) 
4 7 14 (1024 1024 224 ) (1024 1024 576 ) (846 1024 576 ) (846 1024 224 ) 
4 7 11 (64 1024 128 ) (0 1024 128 ) (0 1048 128 ) (64 1048 128 ) 
4 7 9 (0 1064 128 ) (0 1344 128 ) (64 1344 128 ) (64 1064 128 ) 
4 7 8 (1024 1344 128 ) (1024 1088 128 ) (64 1088 128 ) (64 1344 128 ) 
4 8 9 (64 1344 0 ) (64 1088 0 ) (64 1088 128 ) (64 1344 128 ) 
4 9 83 (0 1064 128 ) (0 1344 128 ) (0 1344 0 ) (0 1064 0 ) 
4 9 10 (0 1064 0 ) (56 1064 0 ) (56 1064 120 ) (0 1064 120 ) 
4 10 84 (0 1064 120 ) (0 1064 0 ) (0 1048 0 ) (0 1048 120 ) 
4 10 11 (0 1048 0 ) (56 1048 0 ) (56 1048 120 ) (0 1048 120 ) 
4 11 85 (0 1024 0 ) (0 1024 128 ) (0 1048 128 ) (0 1048 0 ) 
4 11 54 (0 1024 8 ) (0 1024 0 ) (64 1024 0 ) (64 1024 8 ) 
4 11 44 (32 1024 128 ) (0 1024 128 ) (0 1024 8 ) (32 1024 8 ) 
4 11 43 (64 1024 128 ) (32 1024 128 ) (32 1024 8 ) (64 1024 8 ) 
4 12 198 (1344 0 128 ) (1344 0 576 ) (1024 0 576 ) (1024 0 128 ) 
4 12 22 (1024 187 128 ) (1024 165 128 ) (1024 165 224 ) (1024 187 224 ) 
4 12 21 (1024 424 128 ) (1024 187 128 ) (1024 187 224 ) (1024 424 224 ) 
4 12 20 (1024 1024 224 ) (1024 1024 128 ) (1024 424 128 ) (1024 424 224 ) 
4 12 15 (1024 165 128 ) (1024 0 128 ) (1024 0 224 ) (1024 165 224 ) 
4 12 14 (1024 1024 576 ) (1024 1024 224 ) (1024 0 224 ) (1024 0 576 ) 
4 12 13 (1088 1024 128 ) (1344 1024 128 ) (1344 0 128 ) (1088 0 128 ) 
4 13 199 (1344 0 0 ) (1344 0 128 ) (1088 0 128 ) (1088 0 0 ) 
4 14 200 (1024 0 224 ) (1024 0 576 ) (846 0 576 ) (846 0 224 ) 
4 14 27 (846 0 224 ) (846 0 576 ) (846 1024 576 ) (846 1024 224 ) 
3 14 26 (956 111 224 ) (958.399963 110.400002 224 ) (959 108 224 ) 
3 14 25 (952 112 224 ) (957.647034 113.411758 224 ) (958.399963 110.400002 224 ) 
3 14 24 (960.599976 101.599976 224 ) (959 100 224 ) (960 104 224 ) 
3 14 23 (977.333374 118.333344 224 ) (960.599976 101.599976 224 ) (957.647034 113.411758 224 ) 
4 14 22 (1024 187 224 ) (1024 165 224 ) (977.333374 118.333344 224 ) (948 111 224 ) 
3 14 21 (1024 424 224 ) (1024 187 224 ) (945 108 224 ) 
5 14 20 (846 496 224 ) (846 1024 224 ) (1024 1024 224 ) (1024 424 224 ) (944 104 224 ) 
3 14 19 (846 199 224 ) (846 496 224 ) (945 100 224 ) 
3 14 18 (846 122.499977 224 ) (846 199 224 ) (948 97 224 ) 
3 14 17 (846 69.499992 224 ) (846 122.499977 224 ) (952 96 224 ) 
4 14 16 (846 0 224 ) (846 69.499992 224 ) (956 97 224 ) (859 0 224 ) 
3 14 15 (1024 165 224 ) (1024 0 224 ) (859 0 224 ) 
4 15 201 (1024 0 0 ) (1024 0 8 ) (859 0 8 ) (859 0 0 ) 
4 15 200 (1024 0 8 ) (1024 0 224 ) (859 0 224 ) (859 0 8 ) 
4 15 24 (960.599243 101.603119 0 ) (959.001343 100.005203 0 ) (959.001343 100.005203 224 ) (960.599243 101.603127 224 ) 
4 15 23 (977.328125 118.332031 0 ) (960.599243 101.603119 0 ) (960.599243 101.603127 224 ) (977.328125 118.332039 224 ) 
4 15 22 (1024 165.003906 0 ) (977.328125 118.332031 0 ) (977.328125 118.332039 224 ) (1024 165.003891 224 ) 
4 15 16 (955.994812 96.998695 0 ) (858.996094 0 0 ) (858.996094 0 224 ) (955.994812 96.998695 224 ) 
4 16 201 (846 0 8 ) (846 0 0 ) (859 0 0 ) (859 0 8 ) 
4 16 200 (859 0 224 ) (846 0 224 ) (846 0 8 ) (859 0 8 ) 
4 16 29 (846 0 6 ) (846 0 8 ) (846 69.499939 8 ) (846 69.499939 6 ) 
4 16 27 (846 0 8 ) (846 0 224 ) (846 69.499992 224 ) (846 69.499939 8 ) 
4 16 17 (952 96 0 ) (846 69.500000 0 ) (846 69.500000 224 ) (952 96 224 ) 
4 17 29 (846 69.499939 6 ) (846 69.499939 8 ) (846 78 8 ) (846 78 6 ) 
4 17 28 (846 122.500000 0 ) (846 78 0 ) (846 78 8 ) (846 122.500000 8 ) 
4 17 27 (846 69.499939 8 ) (846 69.499992 224 ) (846 122.499977 224 ) (846 122.500000 8 ) 
4 17 18 (948 97 0 ) (846 122.500000 0 ) (846 122.500000 224 ) (948 97 224 ) 
4 18 28 (846 199 0 ) (846 122.500000 0 ) (846 122.500000 8 ) (846 199 8 ) 
4 18 27 (846 122.500000 8 ) (846 122.499977 224 ) (846 199 224 ) (846 199 8 ) 
4 18 19 (945 100 0 ) (846 199.003891 0 ) (846 199.003906 224 ) (945 100 224 ) 
4 19 28 (846 496 0 ) (846 199 0 ) (846 199 8 ) (846 496 8 ) 
4 19 27 (846 199 8 ) (846 199 224 ) (846 496 224 ) (846 496 8 ) 
4 19 20 (944 104 0 ) (846 496 0 ) (846 496 224 ) (944 104 224 ) 
4 20 28 (846 1024 0 ) (846 496 0 ) (846 496 8 ) (846 1024 8 ) 
4 20 27 (846 496 8 ) (846 496 224 ) (846 1024 224 ) (846 1024 8 ) 
4 20 21 (945 108 0 ) (1024 424 0 ) (1024 424 224 ) (945 108 224 ) 
4 21 22 (948 111 0 ) (1024 187 0 ) (1024 187 224 ) (948 111 224 ) 
4 22 25 (952 112 0 ) (957.647034 113.411766 0 ) (957.647095 113.411766 224 ) (952 112 224 ) 
4 22 23 (957.647034 113.411766 0 ) (977.332642 118.333168 0 ) (977.332642 118.333168 224 ) (957.647095 113.411766 224 ) 
4 23 26 (958.400024 110.399994 0 ) (959 108 0 ) (959 108 224 ) (958.400024 110.399994 224 ) 
4 23 25 (957.646973 113.412102 224 ) (957.646973 113.412109 0 ) (958.400024 110.399994 0 ) (958.400024 110.399994 224 ) 
4 23 24 (960 104 0 ) (960.600037 101.600014 0 ) (960.600037 101.600014 224 ) (960 104 224 ) 
4 25 26 (956 111 0 ) (958.399231 110.400192 0 ) (958.399231 110.400192 224 ) (956 111 224 ) 
4 27 200 (690 0 576 ) (690 0 8 ) (846 0 8 ) (846 0 576 ) 
4 27 34 (690 1024 576 ) (690 1024 8 ) (690 0 8 ) (690 0 576 ) 
4 27 33 (690 0 8 ) (690 67.996094 8 ) (700 67.996086 8 ) (700 0 8 ) 
4 27 32 (690 67.996094 8 ) (690 78 8 ) (704 78 8 ) (704 67.996086 8 ) 
4 27 31 (832 0 8 ) (704 0 8 ) (704 64 8 ) (832 64 8 ) 
4 27 30 (704 78 8 ) (836 78 8 ) (836 67.996086 8 ) (704 67.996086 8 ) 
4 27 29 (836 78 8 ) (846 78 8 ) (846 0 8 ) (836 0 8 ) 
4 27 28 (690 78 8 ) (690 1024 8 ) (846 1024 8 ) (846 78 8 ) 
4 28 35 (690 1024 8 ) (690 1024 0 ) (690 78 0 ) (690 78 8 ) 
4 28 32 (704 78 8 ) (690 78 8 ) (690 78 6 ) (704 78 6 ) 
4 28 30 (840 78 6 ) (836 78 8 ) (704 78 8 ) (704 78 6 ) 
4 28 29 (846 78 6 ) (846 78 8 ) (836 78 8 ) (840 78 6 ) 
4 29 203 (846 0 6 ) (846 0 8 ) (836 0 8 ) (840 0 6 ) 
4 29 30 (836 67.996086 8 ) (836 78 8 ) (840 78 6 ) (840 71.996094 6 ) 
4 30 32 (704 78 8 ) (704 78 6 ) (704 71.996094 6 ) (704 67.996086 8 ) 
4 31 206 (704 0 0 ) (832 0 0 ) (832 0 8 ) (704 0 8 ) 
4 32 35 (690 67.996094 8 ) (690 78 8 ) (690 78 6 ) (690 71.996094 6 ) 
4 32 33 (700 67.996094 8 ) (690 67.996094 8 ) (690 71.996094 6 ) (696 71.996094 6 ) 
4 33 205 (690 0 8 ) (690 0 6 ) (696 0 6 ) (700 0 8 ) 
4 33 35 (690 0 6 ) (690 0 8 ) (690 67.996094 8 ) (690 71.996094 6 ) 
3 34 215 (444 0 8 ) (576 0 8 ) (576 0 74 ) 
4 34 213 (576 0 8 ) (590 0 8 ) (590 0 42.001953 ) (576 0 42.001953 ) 
4 34 212 (590 0 42.001953 ) (590 0 81 ) (576 0 74 ) (576 0 42.001953 ) 
5 34 210 (434 0 576 ) (434 0 8 ) (444 0 8 ) (590 0 81 ) (590 0 576 ) 
4 34 200 (590 0 8 ) (690 0 8 ) (690 0 576 ) (590 0 576 ) 
4 34 43 (434 0 8 ) (434 0 256 ) (434 1024 256 ) (434 1024 8 ) 
4 34 42 (434 0 256 ) (434 0 576 ) (434 1024 576 ) (434 1024 256 ) 
4 34 41 (434 0 8 ) (434 67.996094 8 ) (444 67.996086 8 ) (444 0 8 ) 
4 34 40 (434 67.996094 8 ) (434 78 8 ) (448 78 8 ) (448 67.996086 8 ) 
4 34 39 (576 0 8 ) (448 0 8 ) (448 64 8 ) (576 64 8 ) 
4 34 38 (448 78 8 ) (580 78 8 ) (580 67.996086 8 ) (448 67.996086 8 ) 
4 34 37 (580 78 8 ) (590 78 8 ) (590 0 8 ) (580 0 8 ) 
4 34 36 (434 78 8 ) (434 1024 8 ) (590 1024 8 ) (590 78 8 ) 
4 34 35 (590 1024 8 ) (690 1024 8 ) (690 0 8 ) (590 0 8 ) 
4 35 209 (590 0 0 ) (690 0 0 ) (690 0 8 ) (590 0 8 ) 
4 35 37 (590 0 6 ) (590 0 8 ) (590 78 8 ) (590 78 6 ) 
4 35 36 (590 1024 0 ) (590 78 0 ) (590 78 8 ) (590 1024 8 ) 
4 36 60 (434 178 0 ) (434 78 0 ) (434 78 8 ) (434 178 8 ) 
4 36 57 (434 192 0 ) (434 178 0 ) (434 178 8 ) (434 192 8 ) 
4 36 51 (434 596 0 ) (434 192 0 ) (434 192 8 ) (434 580 8 ) 
4 36 49 (434 1024 0 ) (434 596 0 ) (434 584 6 ) (434 1024 6 ) 
4 36 48 (434 584 6 ) (434 580 8 ) (434 1024 8 ) (434 1024 6 ) 
4 36 40 (448 78 8 ) (434 78 8 ) (434 78 6 ) (448 78 6 ) 
4 36 38 (584 78 6 ) (580 78 8 ) (448 78 8 ) (448 78 6 ) 
4 36 37 (590 78 6 ) (590 78 8 ) (580 78 8 ) (584 78 6 ) 
4 37 214 (590 0 6 ) (590 0 8 ) (580 0 8 ) (584 0 6 ) 
4 37 38 (580 67.996086 8 ) (580 78 8 ) (584 78 6 ) (584 71.996094 6 ) 
4 38 40 (448 78 8 ) (448 78 6 ) (448 71.996094 6 ) (448 67.996086 8 ) 
4 39 218 (448 0 0 ) (576 0 0 ) (576 0 6 ) (448 0 6 ) 
4 39 216 (576 0 6 ) (576 0 8 ) (448 0 8 ) (448 0 6 ) 
4 40 60 (434 67.996094 8 ) (434 78 8 ) (434 78 6 ) (434 71.996094 6 ) 
4 40 41 (444 67.996094 8 ) (434 67.996094 8 ) (434 71.996094 6 ) (440 71.996094 6 ) 
4 41 210 (434 0 8 ) (434 0 6 ) (440 0 6 ) (444 0 8 ) 
4 41 60 (434 0 6 ) (434 0 8 ) (434 67.996094 8 ) (434 71.996094 6 ) 
4 42 232 (0 0 576 ) (0 0 256 ) (178 0 256 ) (178 0 576 ) 
4 42 220 (178 0 256 ) (434 0 256 ) (434 0 576 ) (178 0 576 ) 
4 42 139 (0 0 256 ) (0 0 576 ) (0 178 576 ) (0 178 256 ) 
4 42 87 (0 178 576 ) (0 1024 576 ) (0 1024 256 ) (0 178 256 ) 
4 42 47 (0 24 256 ) (0 32 256 ) (24 32 256 ) (24 24 256 ) 
4 42 45 (32 0 256 ) (24 0 256 ) (24 32 256 ) (32 32 256 ) 
4 42 44 (0 32 256 ) (0 1024 256 ) (32 1024 256 ) (32 32 256 ) 
4 42 43 (434 1024 256 ) (434 0 256 ) (32 0 256 ) (32 1024 256 ) 
4 43 234 (64 0 8 ) (78 0 8 ) (78 0 256 ) (64 0 256 ) 
4 43 236 (32 0 8 ) (64 0 8 ) (64 0 256 ) (32 0 256 ) 
4 43 233 (78 0 8 ) (178 0 8 ) (178 0 256 ) (78 0 256 ) 
4 43 220 (178 0 8 ) (434 0 8 ) (434 0 256 ) (178 0 256 ) 
4 43 75 (64 0 8 ) (32 0 8 ) (32 64 8 ) (64 64 8 ) 
4 43 73 (32 67.996086 8 ) (32 78 8 ) (68 78 8 ) (68 67.996086 8 ) 
4 43 71 (32 78 8 ) (32 178 8 ) (68 178 8 ) (68 78 8 ) 
4 43 69 (320 0 8 ) (192 0 8 ) (192 64 8 ) (320 64 8 ) 
4 43 68 (188 67.996086 8 ) (188 78 8 ) (320 78 8 ) (320 67.996086 8 ) 
4 43 67 (188 78 8 ) (188 178 8 ) (320 178 8 ) (320 78 8 ) 
4 43 64 (188 0 8 ) (68 0 8 ) (68 178 8 ) (188 178 8 ) 
4 43 63 (334 0 8 ) (324 0 8 ) (324 67.996094 8 ) (334 67.996086 8 ) 
4 43 62 (320 67.996094 8 ) (320 78 8 ) (334 78 8 ) (334 67.996086 8 ) 
4 43 61 (320 78 8 ) (320 178 8 ) (334 178 8 ) (334 78 8 ) 
4 43 60 (434 178 8 ) (434 0 8 ) (334 0 8 ) (334 178 8 ) 
4 43 59 (324 192 8 ) (334 192 8 ) (334 188 8 ) (324 188 8 ) 
4 43 58 (334 178 8 ) (32 178 8 ) (32 188 8 ) (334 188 8 ) 
4 43 57 (434 192 8 ) (434 178 8 ) (334 178 8 ) (334 192 8 ) 
4 43 55 (320 590 8 ) (320 580 8 ) (32 580 8 ) (32 590 8 ) 
4 43 56 (320 576 8 ) (320 192 8 ) (32 192 8 ) (32 576 8 ) 
4 43 54 (32 1024 8 ) (320 1024 8 ) (320 590 8 ) (32 590 8 ) 
4 43 53 (334 192 8 ) (324 192 8 ) (324 580 8 ) (334 580 8 ) 
4 43 51 (434 580 8 ) (434 192 8 ) (334 192 8 ) (334 580 8 ) 
4 43 48 (320 1024 8 ) (434 1024 8 ) (434 580 8 ) (320 580 8 ) 
3 43 46 (32 0 56 ) (32 0 88 ) (32 32 56 ) 
4 43 45 (32 0 88 ) (32 0 256 ) (32 32 256 ) (32 32 56 ) 
4 43 44 (32 1024 8 ) (32 32 8 ) (32 32 256 ) (32 1024 256 ) 
4 44 140 (0 32 256 ) (0 178 256 ) (0 178 8 ) (0 32 8 ) 
4 44 88 (0 1024 76 ) (0 1024 8 ) (0 178 8 ) (0 178 76 ) 
4 44 87 (0 178 256 ) (0 1024 256 ) (0 1024 76 ) (0 178 76 ) 
4 44 76 (0 32 8 ) (0 64 8 ) (32 64 8 ) (32 32 8 ) 
4 44 73 (0 67.996086 8 ) (0 78 8 ) (32 78 8 ) (32 67.996086 8 ) 
4 44 71 (0 78 8 ) (0 178 8 ) (32 178 8 ) (32 78 8 ) 
4 44 58 (0 178 8 ) (0 188 8 ) (32 188 8 ) (32 178 8 ) 
4 44 55 (0 580 8 ) (0 590 8 ) (32 590 8 ) (32 580 8 ) 
4 44 56 (0 192 8 ) (0 576 8 ) (32 576 8 ) (32 192 8 ) 
4 44 54 (0 590 8 ) (0 1024 8 ) (32 1024 8 ) (32 590 8 ) 
4 44 47 (24 32 56 ) (24 32 256 ) (0 32 256 ) (0 32 56 ) 
4 44 45 (32 32 56 ) (32 32 256 ) (24 32 256 ) (24 32 56 ) 
4 45 237 (32 0 88 ) (32 0 256 ) (24 0 256 ) (24 0 88 ) 
4 45 47 (24 32 256 ) (24 32 56 ) (24 24 64 ) (24 24 256 ) 
4 45 46 (24 0 88 ) (24 24 64 ) (32 32 56 ) (32 0 88 ) 
4 46 238 (32 0 56 ) (32 0 88 ) (24 0 88 ) (24 0 64 ) 
4 47 141 (0 24 256 ) (0 32 256 ) (0 32 56 ) (0 24 64 ) 
4 48 55 (320 584 6 ) (320 580 8 ) (320 590 8 ) (320 590 6 ) 
4 48 54 (320 590 8 ) (320 1024 8 ) (320 1024 6 ) (320 590 6 ) 
4 48 53 (334 580.003906 8 ) (324 580.003906 8 ) (328 584.003906 6 ) (334 584.003906 6 ) 
4 48 51 (434 580.003906 8 ) (334 580.003906 8 ) (334 584.003906 6 ) (434 584.003906 6 ) 
4 48 50 (320 590 6 ) (320 1024 6 ) (334 1024 6 ) (334 590 6 ) 
4 48 49 (434 584 6 ) (334 584 6 ) (334 1024 6 ) (434 1024 6 ) 
4 49 51 (334 596.003906 0 ) (434 596.003906 0 ) (434 584.003906 6 ) (334 584.003906 6 ) 
5 49 50 (334 1024 0 ) (334 596 0 ) (334 590 3 ) (334 590 6 ) (334 1024 6 ) 
5 50 54 (320 1024 0 ) (320 596 0 ) (320 590 3 ) (320 590 6 ) (320 1024 6 ) 
4 50 52 (320 590 3.001953 ) (320 596.003906 0 ) (334 596.003906 0 ) (334 590 3.001953 ) 
4 51 57 (334 192 0 ) (434 192 0 ) (434 192 8 ) (334 192 8 ) 
4 51 53 (334 192 6 ) (334 192 8 ) (334 579.992188 8 ) (334 583.992188 6 ) 
3 51 52 (334 590 2.996094 ) (334 595.992188 0 ) (334 590 0 ) 
3 52 54 (320 596 0 ) (320 590 0 ) (320 590 3 ) 
4 53 59 (334 192 6 ) (334 192 8 ) (324 192 8 ) (328 192 6 ) 
4 54 95 (0 1024 6 ) (0 1024 0 ) (0 590 0 ) (0 590 6 ) 
4 54 94 (0 590 8 ) (0 1024 8 ) (0 1024 6 ) (0 590 6 ) 
4 54 55 (320 590 6 ) (320 590 8 ) (0 590 8 ) (0 590 6 ) 
4 55 94 (0 580 8 ) (0 590 8 ) (0 590 6 ) (0 584 6 ) 
4 56 97 (0 192 8 ) (0 576 8 ) (0 576 0 ) (0 192 0 ) 
4 56 77 (0 192 0 ) (0 576 0 ) (320 576 0 ) (320 192 0 ) 
4 57 60 (334 178 0 ) (434 178 0 ) (434 178 8 ) (334 178 8 ) 
4 57 59 (334 192 8 ) (334 192 6 ) (334 184 6 ) (334 188 8 ) 
4 57 58 (334 178 6 ) (334 178 8 ) (334 188 8 ) (334 184 6 ) 
4 58 100 (0 178 8 ) (0 188 8 ) (0 184 6 ) (0 178 6 ) 
4 58 71 (68 178 8 ) (0 178 8 ) (0 178 6 ) (72 178 6 ) 
4 58 67 (320 178 8 ) (188 178 8 ) (184 178 6 ) (320 178 6 ) 
4 58 64 (188 178 8 ) (68 178 8 ) (72 178 6 ) (184 178 6 ) 
4 58 61 (334 178 6 ) (334 178 8 ) (320 178 8 ) (320 178 6 ) 
4 58 59 (324 188 8 ) (334 188 8 ) (334 184 6 ) (328 184 6 ) 
4 60 221 (334 0 0 ) (434 0 0 ) (434 0 8 ) (334 0 8 ) 
4 60 63 (334 0 6 ) (334 0 8 ) (334 67.996094 8 ) (334 71.996094 6 ) 
4 60 62 (334 67.996094 8 ) (334 78 8 ) (334 78 6 ) (334 71.996094 6 ) 
4 60 61 (334 178 8 ) (334 178 0 ) (334 78 0 ) (334 78 8 ) 
4 61 67 (320 178 8 ) (320 178 0 ) (320 78 0 ) (320 78 8 ) 
4 61 62 (320 78 8 ) (320 78 6 ) (334 78 6 ) (334 78 8 ) 
4 62 68 (320 67.996094 8 ) (320 78 8 ) (320 78 6 ) (320 71.996094 6 ) 
4 62 63 (328 71.996094 6 ) (334 71.996094 6 ) (334 67.996094 8 ) (324 67.996094 8 ) 
4 63 222 (334 0 6 ) (334 0 8 ) (324 0 8 ) (328 0 6 ) 
4 64 235 (78 0 8 ) (68 0 8 ) (72 0 6 ) (78 0 6 ) 
4 64 233 (178 0 8 ) (78 0 8 ) (78 0 6 ) (178 0 6 ) 
4 64 228 (184 0 6 ) (188 0 8 ) (178 0 8 ) (178 0 6 ) 
4 64 73 (68.003899 67.996086 8 ) (68.003899 78 8 ) (72.003868 78 6 ) (72.003868 71.996094 6 ) 
4 64 71 (68.003899 78 8 ) (68.003906 178 8 ) (72.003876 178 6 ) (72.003868 78 6 ) 
4 64 68 (188 78 8 ) (188 67.996086 8 ) (184 71.996094 6 ) (184 78 6 ) 
4 64 67 (184 178 6 ) (188 178 8 ) (188 78 8 ) (184 78 6 ) 
4 64 66 (78 78 6 ) (178 78 6 ) (178 0 6 ) (78 0 6 ) 
4 64 65 (72 78 6 ) (72 178 6 ) (184 178 6 ) (184 78 6 ) 
4 65 71 (72.003876 178 6 ) (84.003784 178 0 ) (84.003777 78 0 ) (72.003868 78 6 ) 
4 65 67 (178 178 3 ) (184 178 6 ) (184 78 6 ) (178 78 3 ) 
4 65 70 (172 78 0 ) (172 178 0 ) (178 178 3 ) (178 78 3 ) 
6 65 66 (172 78 0 ) (178 78 3 ) (178 78 6 ) (78 78 6 ) (78 78 3 ) (84 78 0 ) 
6 66 233 (84 0 0 ) (172 0 0 ) (178 0 3 ) (178 0 6 ) (78 0 6 ) (78 0 3 ) 
4 66 74 (84.003777 64 0 ) (84.003777 0 0 ) (78 0 3.001911 ) (78 64 3.001911 ) 
4 66 72 (84.003777 78 0 ) (84.003777 64 0 ) (78 64 3.001911 ) (78 78 3.001911 ) 
4 66 70 (172 0 0 ) (172 78 0 ) (178 78 3 ) (178 0 3 ) 
4 67 68 (320 78 6 ) (320 78 8 ) (188 78 8 ) (184 78 6 ) 
4 67 70 (178 78 3 ) (178 178 3 ) (178 178 0 ) (178 78 0 ) 
4 69 223 (192 0 0 ) (320 0 0 ) (320 0 8 ) (192 0 8 ) 
3 70 233 (172 0 0 ) (178 0 0 ) (178 0 3 ) 
4 71 148 (0 78 8 ) (0 178 8 ) (0 178 0 ) (0 78 0 ) 
4 71 73 (72 78 6 ) (68 78 8 ) (0 78 8 ) (0 78 6 ) 
3 71 72 (78 78 0 ) (84 78 0 ) (78 78 3 ) 
3 72 74 (78 64 0 ) (84 64 0 ) (78 64 3 ) 
4 73 149 (0 67.996086 8 ) (0 78 8 ) (0 78 6 ) (0 71.996086 6 ) 
3 74 233 (78 0 0 ) (84 0 0 ) (78 0 3 ) 
4 75 236 (32 0 0 ) (64 0 0 ) (64 0 8 ) (32 0 8 ) 
4 75 76 (32 64 8 ) (32 64 0 ) (32 32 0 ) (32 32 8 ) 
4 76 150 (0 32 8 ) (0 64 8 ) (0 64 0 ) (0 32 0 ) 
4 77 178 (0 192 0 ) (0 576 0 ) (0 576 -2 ) (0 192 -2 ) 
4 77 80 (0 208 -2 ) (0 560 -2 ) (304 560 -2 ) (304 208 -2 ) 
4 77 79 (0 560 -2 ) (0 576 -2 ) (304 576 -2 ) (304 560 -2 ) 
4 77 81 (0 192 -2 ) (0 208 -2 ) (304 208 -2 ) (304 192 -2 ) 
4 77 78 (304 576 -2 ) (320 576 -2 ) (320 192 -2 ) (304 192 -2 ) 
4 78 80 (304 560 -48 ) (304 208 -48 ) (304 208 -2 ) (304 560 -2 ) 
4 78 79 (304 576 -2 ) (304 576 -48 ) (304 560 -48 ) (304 560 -2 ) 
4 78 81 (304 208 -48 ) (304 192 -48 ) (304 192 -2 ) (304 208 -2 ) 
4 79 180 (0 560 -2 ) (0 576 -2 ) (0 576 -48 ) (0 560 -48 ) 
4 79 80 (0 560 -48 ) (304 560 -48 ) (304 560 -2 ) (0 560 -2 ) 
4 80 181 (0 208 -2 ) (0 560 -2 ) (0 560 -48 ) (0 208 -48 ) 
4 80 81 (0 208 -48 ) (304 208 -48 ) (304 208 -2 ) (0 208 -2 ) 
4 81 182 (0 192 -48 ) (0 192 -2 ) (0 208 -2 ) (0 208 -48 ) 
4 82 190 (-1024 1024 128 ) (-1024 1024 576 ) (-1024 1080 576 ) (-1024 1080 128 ) 
4 82 189 (-1024 1080 576 ) (-1024 1344 576 ) (-1024 1344 128 ) (-1024 1080 128 ) 
4 82 87 (0 1024 128 ) (0 1024 576 ) (-1024 1024 576 ) (-1024 1024 128 ) 
4 82 86 (-1024 1088 128 ) (-1024 1344 128 ) (-64 1344 128 ) (-64 1088 128 ) 
4 82 85 (0 1048 128 ) (0 1024 128 ) (-64 1024 128 ) (-64 1048 128 ) 
4 82 83 (-64 1344 128 ) (0 1344 128 ) (0 1064 128 ) (-64 1064 128 ) 
4 83 86 (-64 1344 0 ) (-64 1088 0 ) (-64 1088 128 ) (-64 1344 128 ) 
4 83 84 (-56 1064 0 ) (0 1064 0 ) (0 1064 120 ) (-56 1064 120 ) 
4 84 85 (-56 1048 0 ) (0 1048 0 ) (0 1048 120 ) (-56 1048 120 ) 
4 85 95 (0 1024 0 ) (0 1024 6 ) (-64 1024 6 ) (-64 1024 0 ) 
4 85 94 (0 1024 6 ) (0 1024 8 ) (-64 1024 8 ) (-64 1024 6 ) 
4 85 88 (0 1024 8 ) (0 1024 76 ) (-64 1024 76 ) (-64 1024 8 ) 
4 85 87 (0 1024 76 ) (0 1024 128 ) (-64 1024 128 ) (-64 1024 76 ) 
4 86 194 (-1024 1088 128 ) (-1024 1344 128 ) (-1024 1344 0 ) (-1024 1088 0 ) 
4 87 196 (-1024 1024 576 ) (-1024 1024 128 ) (-1024 178 128 ) (-1024 178 576 ) 
4 87 145 (-312 178 76 ) (-200 178 76 ) (-200 178 256 ) (-312 178 256 ) 
4 87 147 (-1024 178 256 ) (-1024 178 76 ) (-312 178 76 ) (-312 178 256 ) 
4 87 140 (-32 178 76 ) (0 178 76 ) (0 178 256 ) (-32 178 256 ) 
4 87 144 (-200 178 76 ) (-32 178 76 ) (-32 178 256 ) (-200 178 256 ) 
4 87 139 (-1024 178 576 ) (-1024 178 256 ) (0 178 256 ) (0 178 576 ) 
4 87 135 (-192 178 76 ) (-1024 178 76 ) (-1024 192 76 ) (-192 192 76 ) 
4 87 129 (-192 210.666656 76 ) (-192 192 76 ) (-332 192 76 ) (-304 248 76 ) 
4 87 128 (-237 326 76 ) (-261 334 76 ) (-260 336 76 ) (-236 328 76 ) 
4 87 127 (-192 313.333313 76 ) (-192 311 76 ) (-237 326 76 ) (-236 328 76 ) 
3 87 126 (-192 472 76 ) (-192 313.333313 76 ) (-260 336 76 ) 
4 87 125 (-192 311 76 ) (-192 210.666656 76 ) (-304 248 76 ) (-261 334 76 ) 
5 87 106 (-1024 192 76 ) (-1024 590 76 ) (-192 590 76 ) (-192 472 76 ) (-332 192 76 ) 
4 87 105 (-1024 590 76 ) (-1024 1024 76 ) (-192 1024 76 ) (-192 590 76 ) 
4 87 88 (0 178 76 ) (-192 178 76 ) (-192 1024 76 ) (0 1024 76 ) 
4 88 140 (0 178 8 ) (0 178 76 ) (-32 178 76 ) (-32 178 8 ) 
4 88 144 (-32 178 76 ) (-192 178 76 ) (-192 178 8 ) (-32 178 8 ) 
4 88 135 (-192 178 8 ) (-192 178 76 ) (-192 192 76 ) (-192 192 8 ) 
4 88 131 (-192 210.666672 75 ) (-192 210.666656 8 ) (-192 208.333328 8 ) (-192 208.333328 75 ) 
4 88 130 (-192 208.333328 8 ) (-192 192 8 ) (-192 192 75 ) (-192 208.333328 75 ) 
4 88 129 (-192 192 76 ) (-192 210.666672 76 ) (-192 210.666672 75 ) (-192 192 75 ) 
4 88 127 (-192 311 76 ) (-192 313.333344 76 ) (-192 313.333313 8 ) (-192 311 8 ) 
4 88 126 (-192 313.333344 76 ) (-192 472 76 ) (-192 472 8 ) (-192 313.333313 8 ) 
4 88 125 (-192 210.666672 76 ) (-192 311 76 ) (-192 311 8 ) (-192 210.666656 8 ) 
4 88 115 (-192 576 8 ) (-192 472 8 ) (-192 472 71 ) (-192 576 71 ) 
4 88 107 (-192 590 71 ) (-192 590 8 ) (-192 576 8 ) (-192 576 71 ) 
4 88 106 (-192 472 76 ) (-192 590 76 ) (-192 590 71 ) (-192 472 71 ) 
4 88 105 (-192 590 76 ) (-192 1024 76 ) (-192 1024 8 ) (-192 590 8 ) 
4 88 103 (-188 178 8 ) (-192 178 8 ) (-192 188 8 ) (-188 188 8 ) 
4 88 101 (-78 178 8 ) (-188 178 8 ) (-188 192 8 ) (-78 192 8 ) 
4 88 100 (0 178 8 ) (-68 178 8 ) (-68 188 8 ) (0 188 8 ) 
4 88 99 (-68 178 8 ) (-78 178 8 ) (-78 192 8 ) (-68 192 8 ) 
4 88 97 (0 576 8 ) (0 192 8 ) (-64 192 8 ) (-64 576 8 ) 
4 88 94 (-68 1024 8 ) (0 1024 8 ) (0 580 8 ) (-68 580 8 ) 
4 88 90 (-188 580 8 ) (-68 580 8 ) (-68 192 8 ) (-188 192 8 ) 
4 88 89 (-192 580 8 ) (-192 1024 8 ) (-68 1024 8 ) (-68 580 8 ) 
4 89 108 (-192 580 8 ) (-192 590 8 ) (-192 590 6 ) (-192 584 6 ) 
4 89 105 (-192 590 8 ) (-192 1024 8 ) (-192 1024 6 ) (-192 590 6 ) 
4 89 94 (-72 584 6 ) (-72 1024 6 ) (-68 1024 8 ) (-68 580 8 ) 
4 89 93 (-192 590 6 ) (-192 1024 6 ) (-178 1024 6 ) (-178 590 6 ) 
4 89 91 (-72 1024 6 ) (-72 590 6 ) (-78 590 6 ) (-78 1024 6 ) 
4 89 92 (-78 584 6 ) (-178 584 6 ) (-178 1024 6 ) (-78 1024 6 ) 
4 89 90 (-184 584 6 ) (-72 584 6 ) (-68 580 8 ) (-188 580 8 ) 
4 90 101 (-78 192 8 ) (-188 192 8 ) (-184 192 6 ) (-78 192 6 ) 
4 90 99 (-68 192 8 ) (-78 192 8 ) (-78 192 6 ) (-72 192 6 ) 
4 90 92 (-78 192 6 ) (-178 192 6 ) (-178 584 6 ) (-78 584 6 ) 
4 91 95 (-78 590 3 ) (-78 1024 3 ) (-72 1024 6 ) (-72 590 6 ) 
4 91 92 (-78 1024 3 ) (-78 590 3 ) (-78 590 6 ) (-78 1024 6 ) 
3 92 104 (-178 192 0 ) (-172 192 0 ) (-178 192 3 ) 
6 92 102 (-172 192 0 ) (-84 192 0 ) (-78 192 3 ) (-78 192 6 ) (-178 192 6 ) (-178 192 3 ) 
4 92 98 (-78 192 3 ) (-84 192 0 ) (-84 576 0 ) (-78 576 3 ) 
4 92 96 (-84 576 0 ) (-84 1024 0 ) (-78 1024 3 ) (-78 576 3 ) 
4 92 93 (-178 1024 0 ) (-178 590 0 ) (-178 590 6 ) (-178 1024 6 ) 
4 93 105 (-192 1024 0 ) (-192 590 0 ) (-192 590 6 ) (-192 1024 6 ) 
4 94 95 (-72 590 6 ) (-72 1024 6 ) (0 1024 6 ) (0 590 6 ) 
4 95 96 (-78 1024 0 ) (-78 590 0 ) (-78 590 3 ) (-78 1024 3 ) 
3 96 98 (-78 576 2.996094 ) (-83.992188 576 0 ) (-78 576 0 ) 
4 97 178 (0 576 0 ) (0 192 0 ) (-64 192 0 ) (-64 576 0 ) 
3 98 102 (-78 192 3 ) (-84 192 0 ) (-78 192 0 ) 
4 99 148 (-68 178 8 ) (-78 178 8 ) (-78 178 6 ) (-72 178 6 ) 
4 99 101 (-78 192 8 ) (-78 192 6 ) (-78 178 6 ) (-78 178 8 ) 
4 99 100 (-71.998055 178 6 ) (-71.998055 184 6 ) (-67.998055 188 8 ) (-67.998055 178 8 ) 
4 100 148 (0 178 6 ) (0 178 8 ) (-68 178 8 ) (-72 178 6 ) 
4 101 155 (-178 178 8 ) (-188 178 8 ) (-184 178 6 ) (-178 178 6 ) 
4 101 154 (-78 178 6 ) (-78 178 8 ) (-178 178 8 ) (-178 178 6 ) 
4 101 103 (-188 178 8 ) (-188 188 8 ) (-184 184 6 ) (-184 178 6 ) 
4 101 102 (-178 192 6 ) (-78 192 6 ) (-78 178 6 ) (-178 178 6 ) 
5 102 154 (-172 178 0 ) (-78 178 0 ) (-78 178 6 ) (-178 178 6 ) (-178 178 3 ) 
4 102 104 (-178 192 3 ) (-172 192 0 ) (-172 178 0 ) (-178 178 3 ) 
4 103 157 (-184 178 6 ) (-188 178 8 ) (-192 178 8 ) (-192 178 6 ) 
4 103 137 (-192 178 6 ) (-192 178 8 ) (-192 188 8 ) (-192 184 6 ) 
3 104 154 (-178 178 0 ) (-172 178 0 ) (-178 178 3 ) 
3 105 124 (-596 590 0 ) (-590 590 0 ) (-590 590 3 ) 
4 105 123 (-576 590 6 ) (-576 590 8 ) (-580 590 8 ) (-584 590 6 ) 
5 105 122 (-1024 590 0 ) (-596 590 0 ) (-590 590 3 ) (-590 590 6 ) (-1024 590 6 ) 
4 105 121 (-584 590 6 ) (-580 590 8 ) (-1024 590 8 ) (-1024 590 6 ) 
4 105 120 (-576 590 8 ) (-576 590 71 ) (-1024 590 71 ) (-1024 590 8 ) 
4 105 108 (-192 590 6 ) (-192 590 8 ) (-576 590 8 ) (-576 590 6 ) 
4 105 107 (-192 590 8 ) (-192 590 71 ) (-576 590 71 ) (-576 590 8 ) 
4 105 106 (-192 590 71 ) (-192 590 76 ) (-1024 590 76 ) (-1024 590 71 ) 
4 106 135 (-332 192 71 ) (-332 192 76 ) (-1024 192 76 ) (-1024 192 71 ) 
4 106 132 (-305 246 71 ) (-304 248 71 ) (-304 248 75 ) (-305 246 75 ) 
4 106 130 (-332 192 75 ) (-332 192 71 ) (-305 246 71 ) (-305 246 75 ) 
4 106 129 (-332 192 76 ) (-332 192 75 ) (-304 248 75 ) (-304 248 76 ) 
4 106 128 (-261 334 71 ) (-260 336 71 ) (-260 336 76 ) (-261 334 76 ) 
4 106 126 (-260 336 71 ) (-192 472 71 ) (-192 472 76 ) (-260 336 76 ) 
4 106 125 (-304 248 71 ) (-261 334 71 ) (-261 334 76 ) (-304 248 76 ) 
4 106 120 (-1024 590 71 ) (-576 590 71 ) (-576 192 71 ) (-1024 192 71 ) 
4 106 118 (-399 377 71 ) (-423 385 71 ) (-422 387 71 ) (-398 379 71 ) 
4 106 117 (-261.282349 333.427460 71 ) (-262.282379 331.427429 71 ) (-399 377 71 ) (-398 379 71 ) 
4 106 116 (-423 385 71 ) (-576 436 71 ) (-576 438.333313 71 ) (-422 387 71 ) 
5 106 115 (-192 576 71 ) (-192 471.992188 71 ) (-261.282349 333.427460 71 ) (-576 438.333313 71 ) (-576 576 71 ) 
4 106 109 (-262.282379 331.427429 71 ) (-331.996094 192 71 ) (-576 192 71 ) (-576 436 71 ) 
4 106 107 (-576 590 71 ) (-192 590 71 ) (-192 576 71 ) (-576 576 71 ) 
4 107 120 (-576 576 71 ) (-576 590 71 ) (-576 590 8 ) (-576 576 8 ) 
4 107 115 (-576 576 71 ) (-576 576 8 ) (-192 576 8 ) (-192 576 71 ) 
4 107 108 (-576 580 8 ) (-576 590 8 ) (-192 590 8 ) (-192 580 8 ) 
4 108 123 (-576 590 8 ) (-576 590 6 ) (-576 584 6 ) (-576 580 8 ) 
4 109 135 (-332 192 70 ) (-332 192 71 ) (-576 192 71 ) (-576 192 70 ) 
4 109 132 (-305 246 70 ) (-304 248 70 ) (-304 248 71 ) (-305 246 71 ) 
4 109 130 (-332 192 71 ) (-332 192 70 ) (-305 246 70 ) (-305 246 71 ) 
4 109 125 (-304 248 70 ) (-262.285706 331.428558 70 ) (-262.285706 331.428558 71 ) (-304 248 71 ) 
4 109 120 (-576 192 70 ) (-576 192 71 ) (-576 436 71 ) (-576 436 70 ) 
4 109 118 (-423 384.998322 71 ) (-399 376.998322 71 ) (-399 376.998322 70 ) (-423 384.998352 70 ) 
4 109 117 (-399 376.998322 71 ) (-262.286530 331.426880 71 ) (-262.286499 331.426880 70 ) (-399 376.998322 70 ) 
4 109 116 (-576 435.998047 70 ) (-576 435.998047 71 ) (-423 384.998322 71 ) (-423 384.998352 70 ) 
4 109 114 (-451 294 70 ) (-427 286 70 ) (-428 284 70 ) (-452 292 70 ) 
4 109 113 (-576 333.333313 70 ) (-576 335.666687 70 ) (-451 294 70 ) (-452 292 70 ) 
4 109 112 (-427 286 70 ) (-305.285950 245.428665 70 ) (-306.285950 243.428665 70 ) (-428 284 70 ) 
4 109 111 (-576 192 70 ) (-576 333.333313 70 ) (-306.285950 243.428665 70 ) (-332 192 70 ) 
4 109 110 (-576 335.666687 70 ) (-576 436 70 ) (-262.285736 331.428528 70 ) (-305.285950 245.428665 70 ) 
4 110 132 (-305 246 0.296600 ) (-304 248 0.296600 ) (-304 248 70 ) (-305 246 70 ) 
4 110 130 (-305.285706 245.428589 0.296600 ) (-305 246 0.296600 ) (-305 246 70 ) (-305.285706 245.428589 70 ) 
4 110 125 (-304 248 0.296600 ) (-262.285736 331.428528 0.296600 ) (-262.285706 331.428558 70 ) (-304 248 70 ) 
4 110 120 (-576 335.666687 70 ) (-576 436 70 ) (-576 436 8 ) (-576 335.666687 8 ) 
4 110 118 (-399 376.998962 0.296600 ) (-423 384.998871 0.296600 ) (-423 384.998352 70 ) (-399 376.998322 70 ) 
4 110 117 (-262.285156 331.427734 0.296600 ) (-399 376.998962 0.296600 ) (-399 376.998322 70 ) (-262.286499 331.426880 70 ) 
4 110 116 (-423 384.998871 0.296600 ) (-576 435.998047 0.296600 ) (-576 435.998047 70 ) (-423 384.998352 70 ) 
4 110 114 (-451 294.001099 0.296600 ) (-427 286.001099 0.296600 ) (-427 286.001099 70 ) (-451 294.001099 70 ) 
4 110 113 (-576 335.667969 0.296600 ) (-451 294.001099 0.296600 ) (-451 294.001099 70 ) (-576 335.667969 70 ) 
4 110 112 (-427 286.001099 0.296600 ) (-305.285126 245.429672 0.296600 ) (-305.285156 245.429688 70 ) (-427 286.001099 70 ) 
4 110 119 (-576 335.666687 0.296600 ) (-576 436 0.296600 ) (-262.285706 331.428558 0.296600 ) (-305.285706 245.428589 0.296600 ) 
4 111 135 (-332 192 8 ) (-332 192 70 ) (-576 192 70 ) (-576 192 8 ) 
4 111 130 (-332 192 70 ) (-332 192 0.296600 ) (-306.285706 243.428558 0.296600 ) (-306.285706 243.428558 70 ) 
4 111 120 (-576 192 8 ) (-576 192 70 ) (-576 333.333313 70 ) (-576 333.333313 8 ) 
4 111 114 (-428 284 0.296600 ) (-452 292 0.296600 ) (-452 291.998840 70 ) (-428 283.998840 70 ) 
4 111 113 (-452 292 0.296600 ) (-576 333.332031 0.296600 ) (-576 333.332001 70 ) (-452 291.998840 70 ) 
4 111 112 (-306.285156 243.427734 0.296600 ) (-428 284 0.296600 ) (-428 283.998840 70 ) (-306.286255 243.427399 70 ) 
4 111 119 (-576 192 0.296600 ) (-576 333.333313 0.296600 ) (-306.285706 243.428558 0.296600 ) (-332 192 0.296600 ) 
4 112 130 (-306.285706 243.428558 0.296600 ) (-305.285706 245.428589 0.296600 ) (-305.285706 245.428589 70 ) (-306.285706 243.428558 70 ) 
4 112 114 (-427 286 70 ) (-427 286 0.296600 ) (-428 284.001953 0.296600 ) (-428 284.001953 70 ) 
4 112 119 (-427 286 0.296600 ) (-305.285706 245.428589 0.296600 ) (-306.285706 243.428558 0.296600 ) (-428 284 0.296600 ) 
4 113 120 (-576 333.333313 70 ) (-576 335.666687 70 ) (-576 335.666687 8 ) (-576 333.333313 8 ) 
4 113 119 (-576 333.333313 0.296600 ) (-576 335.666687 0.296600 ) (-451 294 0.296600 ) (-452 292 0.296600 ) 
4 113 114 (-452 292 70 ) (-452 292 0.296600 ) (-451 294 0.296600 ) (-451 294 70 ) 
4 114 119 (-451 294 0.296600 ) (-427 286 0.296600 ) (-428 284 0.296600 ) (-452 292 0.296600 ) 
4 115 128 (-261 334 0.296600 ) (-260 336 0.296600 ) (-260 336 71 ) (-261 334 71 ) 
4 115 126 (-260 336 0.296600 ) (-192 472 0.296600 ) (-192 472 71 ) (-260 336 71 ) 
4 115 125 (-261.285706 333.428558 0.296600 ) (-261 334 0.296600 ) (-261 334 71 ) (-261.285706 333.428558 71 ) 
4 115 120 (-576 438.333313 71 ) (-576 576 71 ) (-576 576 8 ) (-576 438.333313 8 ) 
4 115 118 (-422 386.998871 0.296600 ) (-398 378.998871 0.296600 ) (-398 378.998260 71 ) (-422 386.998352 71 ) 
4 115 117 (-398 378.998871 0.296600 ) (-261.286255 333.427429 0.296600 ) (-261.285156 333.425781 71 ) (-398 378.998260 71 ) 
4 115 116 (-576 438.332031 71 ) (-576 438.332031 0.296600 ) (-422 386.998871 0.296600 ) (-422 386.998352 71 ) 
5 115 119 (-576 438.333313 0.296600 ) (-576 576 0.296600 ) (-192 576 0.296600 ) (-192 472 0.296600 ) (-261.285706 333.428558 0.296600 ) 
4 116 120 (-576 436 71 ) (-576 438.333313 71 ) (-576 438.333313 8 ) (-576 436 8 ) 
4 116 118 (-423 385 71 ) (-423 385 0.296600 ) (-422 387 0.296600 ) (-422 387 71 ) 
4 116 119 (-576 436 0.296600 ) (-576 438.333313 0.296600 ) (-422 387 0.296600 ) (-423 385 0.296600 ) 
4 117 125 (-262.285736 331.428528 0.296600 ) (-261.285706 333.428558 0.296600 ) (-261.285706 333.428558 71 ) (-262.285706 331.428558 71 ) 
4 117 119 (-398 379 0.296600 ) (-261.285706 333.428558 0.296600 ) (-262.285706 331.428558 0.296600 ) (-399 377 0.296600 ) 
4 117 118 (-398 378.998047 71 ) (-398 378.998047 0.296600 ) (-399 377 0.296600 ) (-399 377 71 ) 
4 118 119 (-422 387 0.296600 ) (-398 379 0.296600 ) (-399 377 0.296600 ) (-423 385 0.296600 ) 
5 119 179 (-192 576 0 ) (-192 472 0 ) (-332 192 0 ) (-576 192 0 ) (-576 576 0 ) 
4 119 134 (-332 192 0.296600 ) (-332 192 0 ) (-192 472 0 ) (-192 472 0.296600 ) 
4 120 135 (-576 192 8 ) (-576 192 71 ) (-1024 192 71 ) (-1024 192 8 ) 
4 120 123 (-580 590 8 ) (-576 590 8 ) (-576 580 8 ) (-580 580 8 ) 
4 120 121 (-1024 590 8 ) (-580 590 8 ) (-580 192 8 ) (-1024 192 8 ) 
4 121 136 (-584 192 6 ) (-580 192 8 ) (-590 192 8 ) (-590 192 6 ) 
4 121 138 (-590 192 8 ) (-1024 192 8 ) (-1024 192 6 ) (-590 192 6 ) 
4 121 123 (-583.997559 590 6 ) (-579.998047 590 8 ) (-579.998047 580 8 ) (-583.997559 584 6 ) 
4 121 122 (-1024 590 6 ) (-590 590 6 ) (-590 192 6 ) (-1024 192 6 ) 
5 122 138 (-1024 192 0 ) (-596 192 0 ) (-590 192 3 ) (-590 192 6 ) (-1024 192 6 ) 
4 122 124 (-595.996094 590 0 ) (-590 590 2.998413 ) (-590 192 3 ) (-595.998047 192 0 ) 
3 124 138 (-596 192 0 ) (-590 192 0 ) (-590 192 3 ) 
4 125 133 (-289 243 0.296600 ) (-265 235 0.296600 ) (-265 235 75 ) (-289 243 75 ) 
4 125 132 (-304 248 75 ) (-304 248 0.296600 ) (-289 243 0.296600 ) (-289 243 75 ) 
4 125 131 (-265 235 0.296600 ) (-192 210.666656 0.296600 ) (-192 210.666656 75 ) (-265 235 75 ) 
4 125 129 (-304 248 76 ) (-304 248 75 ) (-192 210.666656 75 ) (-192 210.666656 76 ) 
4 125 128 (-237 326 0.296600 ) (-261 334 0.296600 ) (-261 334 76 ) (-237 326 76 ) 
4 125 127 (-192 311 76 ) (-192 311 0.296600 ) (-237 326 0.296600 ) (-237 326 76 ) 
4 125 134 (-303.996643 247.998886 0.296600 ) (-260.996643 333.998901 0.296600 ) (-192 311 0.296600 ) (-192 210.666656 0.296600 ) 
4 126 128 (-260.003906 336.001953 76 ) (-260.003906 336.001953 0.296600 ) (-236 328 0.296600 ) (-236 328 76 ) 
4 126 127 (-236 328 0.296600 ) (-192 313.333984 0.296600 ) (-192 313.333984 76 ) (-236 328 76 ) 
3 126 134 (-259.996643 335.998901 0.296600 ) (-192 471.992188 0.296600 ) (-192 313.333313 0.296600 ) 
4 127 134 (-236 328 0.296600 ) (-192 313.333313 0.296600 ) (-192 311 0.296600 ) (-237 326 0.296600 ) 
4 127 128 (-236 328.001953 76 ) (-236 328.001953 0.296600 ) (-237 326 0.296600 ) (-237 326 76 ) 
4 128 134 (-260.996643 333.998901 0.296600 ) (-259.996643 335.998901 0.296600 ) (-236 328 0.296600 ) (-237 326 0.296600 ) 
4 129 135 (-192 192 75 ) (-192 192 76 ) (-332 192 76 ) (-332 192 75 ) 
4 129 133 (-289 243.001114 75 ) (-265 235.001114 75 ) (-266 233 75 ) (-290 241 75 ) 
4 129 132 (-304.996643 245.998871 75 ) (-303.996094 248 75 ) (-289 243.001114 75 ) (-290 241 75 ) 
4 129 131 (-265 235.001114 75 ) (-192 210.667953 75 ) (-192 208.333313 75 ) (-266 233 75 ) 
4 129 130 (-331.996094 192 75 ) (-304.996643 245.998871 75 ) (-192 208.333313 75 ) (-192 192 75 ) 
4 130 135 (-192 192 8 ) (-192 192 75 ) (-332 192 75 ) (-332 192 8 ) 
4 130 133 (-266 233 0.296600 ) (-290 241 0.296600 ) (-290 241 75 ) (-266 233 75 ) 
4 130 132 (-290 241 0.296600 ) (-305 246 0.296600 ) (-305.003906 246.001953 75 ) (-290 241 75 ) 
4 130 131 (-192 208.333328 0.296600 ) (-266 233 0.296600 ) (-266 233 75 ) (-192 208.333984 75 ) 
4 130 134 (-192 192 0.296600 ) (-331.996094 192 0.296600 ) (-304.996643 245.998886 0.296600 ) (-192 208.333328 0.296600 ) 
4 131 133 (-266 233.001953 0.296600 ) (-266 233.001953 75 ) (-265 235 75 ) (-265 235 0.296600 ) 
4 131 134 (-265 235 0.296600 ) (-192 210.666656 0.296600 ) (-192 208.333328 0.296600 ) (-266 233 0.296600 ) 
4 132 134 (-304.996643 245.998886 0.296600 ) (-303.996643 247.998886 0.296600 ) (-289 243 0.296600 ) (-290 241 0.296600 ) 
4 132 133 (-290 240.998047 75 ) (-290 240.998047 0.296600 ) (-289 243 0.296600 ) (-289 243 75 ) 
4 133 134 (-289 243 0.296600 ) (-265 235 0.296600 ) (-266 233 0.296600 ) (-290 241 0.296600 ) 
3 134 179 (-192 472 0 ) (-192 192 0 ) (-332 192 0 ) 
4 135 145 (-312 178 8 ) (-200 178 8 ) (-200 178 76 ) (-312 178 76 ) 
4 135 147 (-1024 178 76 ) (-1024 178 8 ) (-312 178 8 ) (-312 178 76 ) 
4 135 144 (-200 178 8 ) (-192 178 8 ) (-192 178 76 ) (-200 178 76 ) 
4 135 137 (-192 188 8 ) (-192 178 8 ) (-580 178 8 ) (-580 188 8 ) 
4 135 136 (-590 192 8 ) (-580 192 8 ) (-580 178 8 ) (-590 178 8 ) 
4 135 138 (-1024 192 8 ) (-590 192 8 ) (-590 178 8 ) (-1024 178 8 ) 
4 136 174 (-580 178 8 ) (-590 178 8 ) (-590 178 6 ) (-584 178 6 ) 
4 136 137 (-579.998047 188 8 ) (-579.998047 178 8 ) (-583.998047 178 6 ) (-583.998047 184 6 ) 
4 136 138 (-590 178 6 ) (-590 178 8 ) (-590 192 8 ) (-590 192 6 ) 
4 137 174 (-576 178 8 ) (-580 178 8 ) (-584 178 6 ) (-576 178 6 ) 
4 137 170 (-444 178 8 ) (-576 178 8 ) (-576 178 6 ) (-440 178 6 ) 
4 137 168 (-434 178 8 ) (-444 178 8 ) (-440 178 6 ) (-434 178 6 ) 
4 137 167 (-334 178 8 ) (-434 178 8 ) (-434 178 6 ) (-334 178 6 ) 
4 137 161 (-192 178 6 ) (-192 178 8 ) (-324 178 8 ) (-328 178 6 ) 
4 137 159 (-324 178 8 ) (-334 178 8 ) (-334 178 6 ) (-328 178 6 ) 
4 138 177 (-1024 178 8 ) (-1024 178 0 ) (-590 178 0 ) (-590 178 8 ) 
4 139 300 (-334 0 576 ) (-1024 0 576 ) (-1024 0 256 ) (-334 0 256 ) 
4 139 257 (-200 0 576 ) (-312 0 576 ) (-312 0 256 ) (-200 0 256 ) 
4 139 256 (-24 0 576 ) (-200 0 576 ) (-200 0 256 ) (-24 0 256 ) 
4 139 259 (-312 0 576 ) (-334 0 576 ) (-334 0 256 ) (-312 0 256 ) 
4 139 254 (0 0 256 ) (0 0 576 ) (-24 0 576 ) (-24 0 256 ) 
4 139 196 (-1024 0 256 ) (-1024 0 576 ) (-1024 178 576 ) (-1024 178 256 ) 
4 139 146 (-200 0 256 ) (-312 0 256 ) (-312 8 256 ) (-200 8 256 ) 
4 139 145 (-312 8 256 ) (-312 178 256 ) (-200 178 256 ) (-200 8 256 ) 
4 139 147 (-312 0 256 ) (-1024 0 256 ) (-1024 178 256 ) (-312 178 256 ) 
4 139 142 (-24 0 256 ) (-32 0 256 ) (-32 32 256 ) (-24 32 256 ) 
4 139 141 (-24 24 256 ) (-24 32 256 ) (0 32 256 ) (0 24 256 ) 
4 139 140 (-32 32 256 ) (-32 178 256 ) (0 178 256 ) (0 32 256 ) 
4 139 144 (-32 0 256 ) (-200 0 256 ) (-200 178 256 ) (-32 178 256 ) 
4 140 150 (0 64 8 ) (0 32 8 ) (-32 32 8 ) (-32 64 8 ) 
4 140 149 (0 78 8 ) (0 67.996086 8 ) (-32 67.996086 8 ) (-32 78 8 ) 
4 140 148 (-32 178 8 ) (0 178 8 ) (0 78 8 ) (-32 78 8 ) 
4 140 142 (-32 32 256 ) (-32 32 56 ) (-24 32 56 ) (-24 32 256 ) 
4 140 141 (0 32 56 ) (0 32 256 ) (-24 32 256 ) (-24 32 56 ) 
4 140 144 (-32 178 8 ) (-32 32 8 ) (-32 32 256 ) (-32 178 256 ) 
4 141 142 (-24 32 256 ) (-24 32 56 ) (-24 24 64 ) (-24 24 256 ) 
4 142 256 (-24 0 256 ) (-32 0 256 ) (-32 0 88 ) (-24 0 88 ) 
4 142 143 (-32 0 88 ) (-32 32 56 ) (-24 24 64 ) (-24 0 88 ) 
4 142 144 (-32 0 88 ) (-32 0 256 ) (-32 32 256 ) (-32 32 56 ) 
4 143 256 (-32 0 88 ) (-32 0 56 ) (-24 0 64 ) (-24 0 88 ) 
3 143 144 (-32 0 56 ) (-32 0 88 ) (-32 32 56 ) 
3 144 282 (-68 0 8 ) (-64 0 8 ) (-64 0 10 ) 
5 144 280 (-78 0 8 ) (-68 0 8 ) (-64 0 10 ) (-64 0 24 ) (-78 0 10 ) 
4 144 276 (-64 0 8 ) (-32 0 8 ) (-32 0 56 ) (-64 0 24 ) 
3 144 283 (-80 0 8 ) (-78 0 8 ) (-78 0 10 ) 
5 144 256 (-32 0 256 ) (-200 0 256 ) (-200 0 8 ) (-80 0 8 ) (-32 0 56 ) 
4 144 163 (-192 64 8 ) (-192 0 8 ) (-200 0 8 ) (-200 64 8 ) 
4 144 162 (-192 78 8 ) (-192 67.996086 8 ) (-200 67.996086 8 ) (-200 78 8 ) 
4 144 161 (-200 178 8 ) (-192 178 8 ) (-192 78 8 ) (-200 78 8 ) 
4 144 158 (-188 78 8 ) (-188 67.996086 8 ) (-192 67.996094 8 ) (-192 78 8 ) 
4 144 157 (-192 178 8 ) (-188 178 8 ) (-188 78 8 ) (-192 78 8 ) 
4 144 155 (-188 178 8 ) (-178 178 8 ) (-178 0 8 ) (-188 0 8 ) 
4 144 153 (-68 67.996094 8 ) (-68 78 8 ) (-64 78 8 ) (-64 67.996086 8 ) 
4 144 152 (-68 0 8 ) (-78 0 8 ) (-78 78 8 ) (-68 78 8 ) 
4 144 151 (-32 64 8 ) (-32 0 8 ) (-64 0 8 ) (-64 64 8 ) 
4 144 149 (-32 78 8 ) (-32 67.996086 8 ) (-64 67.996086 8 ) (-64 78 8 ) 
4 144 148 (-78 178 8 ) (-32 178 8 ) (-32 78 8 ) (-78 78 8 ) 
4 144 154 (-178 178 8 ) (-78 178 8 ) (-78 0 8 ) (-178 0 8 ) 
4 144 146 (-200 0 128 ) (-200 0 256 ) (-200 8 256 ) (-200 8 128 ) 
4 144 145 (-200 178 8 ) (-200 8 8 ) (-200 8 256 ) (-200 178 256 ) 
4 145 164 (-200 64 8 ) (-200 8 8 ) (-312 8 8 ) (-312 64 8 ) 
4 145 162 (-200 78 8 ) (-200 67.996086 8 ) (-312 67.996086 8 ) (-312 78 8 ) 
4 145 161 (-312 178 8 ) (-200 178 8 ) (-200 78 8 ) (-312 78 8 ) 
4 145 146 (-312 8 256 ) (-312 8 128 ) (-200 8 128 ) (-200 8 256 ) 
4 145 147 (-312 178 8 ) (-312 8 8 ) (-312 8 256 ) (-312 178 256 ) 
4 146 257 (-200 0 256 ) (-312 0 256 ) (-312 0 128 ) (-200 0 128 ) 
4 146 147 (-312 0 128 ) (-312 0 256 ) (-312 8 256 ) (-312 8 128 ) 
4 147 300 (-334 0 256 ) (-1024 0 256 ) (-1024 0 8 ) (-334 0 8 ) 
4 147 259 (-312 0 256 ) (-334 0 256 ) (-334 0 8 ) (-312 0 8 ) 
4 147 196 (-1024 0 128 ) (-1024 0 256 ) (-1024 178 256 ) (-1024 178 128 ) 
4 147 176 (-576 78 8 ) (-576 67.996086 8 ) (-580 67.996094 8 ) (-580 78 8 ) 
4 147 175 (-580 0 8 ) (-590 0 8 ) (-590 78 8 ) (-580 78 8 ) 
4 147 174 (-590 178 8 ) (-576 178 8 ) (-576 78 8 ) (-590 78 8 ) 
4 147 173 (-448 0 8 ) (-576 0 8 ) (-576 64 8 ) (-448 64 8 ) 
4 147 172 (-434 64 8 ) (-434 0 8 ) (-444 0 8 ) (-444 64 8 ) 
4 147 171 (-444 78 8 ) (-444 67.996086 8 ) (-576 67.996086 8 ) (-576 78 8 ) 
4 147 170 (-576 178 8 ) (-444 178 8 ) (-444 78 8 ) (-576 78 8 ) 
4 147 168 (-444 178 8 ) (-434 178 8 ) (-434 64 8 ) (-444 64 8 ) 
4 147 167 (-434 178 8 ) (-334 178 8 ) (-334 0 8 ) (-434 0 8 ) 
4 147 177 (-1024 178 8 ) (-590 178 8 ) (-590 0 8 ) (-1024 0 8 ) 
4 147 166 (-324 0 8 ) (-334 0 8 ) (-334 64 8 ) (-324 64 8 ) 
4 147 165 (-312 64 8 ) (-312 0 8 ) (-320 0 8 ) (-320 64 8 ) 
4 147 162 (-312 78 8 ) (-312 67.996086 8 ) (-324 67.996086 8 ) (-324 78 8 ) 
4 147 161 (-324 178 8 ) (-312 178 8 ) (-312 78 8 ) (-324 78 8 ) 
4 147 159 (-334 178 8 ) (-324 178 8 ) (-324 64 8 ) (-334 64 8 ) 
4 148 153 (-64 78 6 ) (-64 78 8 ) (-68 78 8 ) (-72 78 6 ) 
4 148 152 (-78 78 8 ) (-78 78 6 ) (-72 78 6 ) (-68 78 8 ) 
4 148 149 (0 78 6 ) (0 78 8 ) (-64 78 8 ) (-64 78 6 ) 
4 148 154 (-78 78 8 ) (-78 178 8 ) (-78 178 0 ) (-78 78 0 ) 
4 149 153 (-64 78 8 ) (-64 78 6 ) (-64 71.996086 6 ) (-64 67.996086 8 ) 
4 150 151 (-32 64 8 ) (-32 64 0 ) (-32 32 0 ) (-32 32 8 ) 
4 151 276 (-32 0 8 ) (-64 0 8 ) (-64 0 0 ) (-32 0 0 ) 
4 152 280 (-68 0 8 ) (-78 0 8 ) (-78 0 6 ) (-72 0 6 ) 
4 152 153 (-72 78 6 ) (-67.998604 78 8 ) (-67.998604 67.996086 8 ) (-72 71.996094 6 ) 
4 152 154 (-78 0 8 ) (-78 78 8 ) (-78 78 6 ) (-78 0 6 ) 
4 154 283 (-78 0 8 ) (-80 0 8 ) (-88 0 0 ) (-78 0 0 ) 
4 154 263 (-80 0 8 ) (-178 0 8 ) (-178 0 0 ) (-88 0 0 ) 
4 154 157 (-178 178 3 ) (-178 178 0 ) (-178 78 0 ) (-178 78 3 ) 
4 154 156 (-178 178 6 ) (-178 178 3 ) (-178 78 3 ) (-178 78 6 ) 
4 154 155 (-178 0 8 ) (-178 178 8 ) (-178 178 6 ) (-178 0 6 ) 
4 155 264 (-178 0 8 ) (-188 0 8 ) (-184 0 6 ) (-178 0 6 ) 
4 155 158 (-188 67.996094 8 ) (-188 78 8 ) (-184 78 6 ) (-184 71.996094 6 ) 
4 155 157 (-188 78 8 ) (-188 178 8 ) (-184 178 6 ) (-184 78 6 ) 
4 155 156 (-184 78 6 ) (-184 178 6 ) (-178 178 6 ) (-178 78 6 ) 
4 156 157 (-184 178 6 ) (-178 178 3 ) (-178 78 3 ) (-184 78 6 ) 
4 157 161 (-192 78 8 ) (-192 178 8 ) (-192 178 0 ) (-192 78 0 ) 
4 157 158 (-184 78 6 ) (-188 78 8 ) (-192 78 8 ) (-192 78 6 ) 
4 158 162 (-192 67.996094 8 ) (-192 78 8 ) (-192 78 6 ) (-192 71.996094 6 ) 
4 159 167 (-334 64 8 ) (-334 178 8 ) (-334 178 6 ) (-334 64 6 ) 
4 159 166 (-334 64 8 ) (-334 64 6 ) (-328 64 6 ) (-324 64 8 ) 
4 159 162 (-328.003967 71.996094 6 ) (-328.003967 78 6 ) (-324.003967 78 8 ) (-324.003967 67.996086 8 ) 
4 159 161 (-328.003967 78 6 ) (-328.003967 178 6 ) (-324.003967 178 8 ) (-324.003967 78 8 ) 
4 159 160 (-328 178 6 ) (-328 78 6 ) (-334 78 6 ) (-334 178 6 ) 
4 160 167 (-334 178 6 ) (-334 178 3 ) (-334 78 3 ) (-334 78 6 ) 
4 160 161 (-334 78 3.001991 ) (-334 178 3.001988 ) (-328.003967 178 6 ) (-328.003967 78 6 ) 
4 161 167 (-334 178 3 ) (-334 178 0 ) (-334 78 0 ) (-334 78 3 ) 
4 161 162 (-192 78 6 ) (-192 78 8 ) (-323.992188 78 8 ) (-327.992188 78 6 ) 
4 163 266 (-192 0 8 ) (-200 0 8 ) (-200 0 0 ) (-192 0 0 ) 
4 163 164 (-200 64 8 ) (-200 64 0 ) (-200 8 0 ) (-200 8 8 ) 
4 164 165 (-312 64 8 ) (-312 64 0 ) (-312 8 0 ) (-312 8 8 ) 
4 165 268 (-312 0 8 ) (-320 0 8 ) (-320 0 0 ) (-312 0 0 ) 
4 166 273 (-324 0 8 ) (-334 0 8 ) (-334 0 6 ) (-328 0 6 ) 
4 166 167 (-334 0 8 ) (-334 64 8 ) (-334 64 6 ) (-334 0 6 ) 
4 167 301 (-334 0 8 ) (-434 0 8 ) (-434 0 0 ) (-334 0 0 ) 
4 167 172 (-434 0 8 ) (-434 64 8 ) (-434 64 6 ) (-434 0 6 ) 
4 167 170 (-434 178 3 ) (-434 178 0 ) (-434 78 0 ) (-434 78 3 ) 
4 167 169 (-434 178 6 ) (-434 178 3 ) (-434 78 3 ) (-434 78 6 ) 
4 167 168 (-434 64 8 ) (-434 178 8 ) (-434 178 6 ) (-434 64 6 ) 
4 168 172 (-434 64 6 ) (-434 64 8 ) (-444 64 8 ) (-440 64 6 ) 
4 168 171 (-444 67.996086 8 ) (-444 78 8 ) (-440 78 6 ) (-440 71.996094 6 ) 
4 168 170 (-444 78 8 ) (-444 178 8 ) (-440 178 6 ) (-440 78 6 ) 
4 168 169 (-440.001953 78 6 ) (-440.001953 178 6 ) (-434 178 6 ) (-434 78 6 ) 
4 169 170 (-440 78 6 ) (-440 178 6 ) (-434 178 3 ) (-434 78 3 ) 
4 170 174 (-576 78 8 ) (-576 178 8 ) (-576 178 0 ) (-576 78 0 ) 
4 170 171 (-440 78 6 ) (-444 78 8 ) (-576 78 8 ) (-576 78 6 ) 
4 171 176 (-576 67.996086 8 ) (-576 78 8 ) (-576 78 6 ) (-576 71.996086 6 ) 
4 172 303 (-434 0 8 ) (-444 0 8 ) (-440 0 6 ) (-434 0 6 ) 
4 173 304 (-448 0 8 ) (-576 0 8 ) (-576 0 6 ) (-448 0 6 ) 
4 174 176 (-576 78 6 ) (-576 78 8 ) (-580 78 8 ) (-584 78 6 ) 
4 174 175 (-590 78 8 ) (-590 78 6 ) (-584 78 6 ) (-580 78 8 ) 
4 174 177 (-590 78 8 ) (-590 178 8 ) (-590 178 0 ) (-590 78 0 ) 
4 175 307 (-580 0 8 ) (-590 0 8 ) (-590 0 6 ) (-584 0 6 ) 
4 175 176 (-584 78 6 ) (-580 78 8 ) (-580 67.996086 8 ) (-584 71.996094 6 ) 
4 175 177 (-590 0 8 ) (-590 78 8 ) (-590 78 6 ) (-590 0 6 ) 
4 177 309 (-590 0 8 ) (-1024 0 8 ) (-1024 0 0 ) (-590 0 0 ) 
4 178 181 (0 560 -2 ) (0 208 -2 ) (-48 208 -2 ) (-48 560 -2 ) 
4 178 180 (-48 576 -2 ) (0 576 -2 ) (0 560 -2 ) (-48 560 -2 ) 
4 178 182 (0 208 -2 ) (0 192 -2 ) (-48 192 -2 ) (-48 208 -2 ) 
4 178 183 (-64 576 -2 ) (-48 576 -2 ) (-48 192 -2 ) (-64 192 -2 ) 
4 179 186 (-560 208 -2 ) (-560 560 -2 ) (-208 560 -2 ) (-208 208 -2 ) 
4 179 185 (-560 560 -2 ) (-560 576 -2 ) (-208 576 -2 ) (-208 560 -2 ) 
4 179 187 (-208 192 -2 ) (-560 192 -2 ) (-560 208 -2 ) (-208 208 -2 ) 
4 179 184 (-192 192 -2 ) (-208 192 -2 ) (-208 576 -2 ) (-192 576 -2 ) 
4 179 188 (-560 192 -2 ) (-576 192 -2 ) (-576 576 -2 ) (-560 576 -2 ) 
4 180 183 (-48 576 -2 ) (-48 576 -48 ) (-48 560 -48 ) (-48 560 -2 ) 
4 180 181 (-48 560 -2 ) (-48 560 -48 ) (0 560 -48 ) (0 560 -2 ) 
4 181 182 (-48 208 -2 ) (-48 208 -48 ) (0 208 -48 ) (0 208 -2 ) 
4 181 183 (-48 560 -48 ) (-48 208 -48 ) (-48 208 -2 ) (-48 560 -2 ) 
4 182 183 (-48 208 -48 ) (-48 192 -48 ) (-48 192 -2 ) (-48 208 -2 ) 
4 184 186 (-208 560 -48 ) (-208 208 -48 ) (-208 208 -2 ) (-208 560 -2 ) 
4 184 185 (-208 576 -2 ) (-208 576 -48 ) (-208 560 -48 ) (-208 560 -2 ) 
4 184 187 (-208 208 -48 ) (-208 192 -48 ) (-208 192 -2 ) (-208 208 -2 ) 
4 185 188 (-560 576 -2 ) (-560 576 -48 ) (-560 560 -48 ) (-560 560 -2 ) 
4 185 186 (-560 560 -2 ) (-560 560 -48 ) (-208 560 -48 ) (-208 560 -2 ) 
4 186 187 (-560 208 -2 ) (-560 208 -48 ) (-208 208 -48 ) (-208 208 -2 ) 
4 186 188 (-560 560 -48 ) (-560 208 -48 ) (-560 208 -2 ) (-560 560 -2 ) 
4 187 188 (-560 208 -48 ) (-560 192 -48 ) (-560 192 -2 ) (-560 208 -2 ) 
4 189 194 (-1080 1088 128 ) (-1080 1344 128 ) (-1024 1344 128 ) (-1024 1088 128 ) 
4 189 193 (-1080 1344 128 ) (-1080 1080 128 ) (-1080 1080 576 ) (-1080 1344 576 ) 
4 189 191 (-1080 1080 576 ) (-1080 1080 256 ) (-1032 1080 256 ) (-1032 1080 576 ) 
4 189 190 (-1032 1080 128 ) (-1024 1080 128 ) (-1024 1080 576 ) (-1032 1080 576 ) 
4 190 196 (-1024 1024 128 ) (-1024 1024 576 ) (-1032 1024 576 ) (-1032 1024 128 ) 
4 190 191 (-1032 1080 576 ) (-1032 1080 256 ) (-1032 1032 256 ) (-1032 1032 576 ) 
4 190 192 (-1032 1032 128 ) (-1032 1024 128 ) (-1032 1024 576 ) (-1032 1032 576 ) 
4 191 193 (-1080 1032 256 ) (-1080 1032 576 ) (-1080 1080 576 ) (-1080 1080 256 ) 
4 191 192 (-1080 1032 576 ) (-1080 1032 256 ) (-1032 1032 256 ) (-1032 1032 576 ) 
4 192 196 (-1032 1024 576 ) (-1080 1024 576 ) (-1080 1024 128 ) (-1032 1024 128 ) 
4 192 193 (-1080 1032 128 ) (-1080 1024 128 ) (-1080 1024 576 ) (-1080 1032 576 ) 
4 193 196 (-1080 1024 576 ) (-1344 1024 576 ) (-1344 1024 128 ) (-1080 1024 128 ) 
4 193 195 (-1088 1024 128 ) (-1344 1024 128 ) (-1344 1088 128 ) (-1088 1088 128 ) 
4 193 194 (-1344 1088 128 ) (-1344 1344 128 ) (-1080 1344 128 ) (-1080 1088 128 ) 
4 194 195 (-1344 1088 128 ) (-1344 1088 0 ) (-1088 1088 0 ) (-1088 1088 128 ) 
4 195 197 (-1088 1024 128 ) (-1344 1024 128 ) (-1344 1024 0 ) (-1088 1024 0 ) 
4 196 310 (-1024 0 128 ) (-1024 0 576 ) (-1344 0 576 ) (-1344 0 128 ) 
4 196 197 (-1344 0 128 ) (-1344 1024 128 ) (-1088 1024 128 ) (-1088 0 128 ) 
4 197 311 (-1088 0 128 ) (-1344 0 128 ) (-1344 0 0 ) (-1088 0 0 ) 
4 198 246 (1080 -1024 576 ) (1032 -1024 576 ) (1032 -1024 128 ) (1080 -1024 128 ) 
4 198 248 (1032 -1024 576 ) (1024 -1024 576 ) (1024 -1024 128 ) (1032 -1024 128 ) 
4 198 245 (1344 -1024 128 ) (1344 -1024 576 ) (1080 -1024 576 ) (1080 -1024 128 ) 
4 198 200 (1024 -1024 128 ) (1024 -1024 576 ) (1024 0 576 ) (1024 0 128 ) 
4 198 199 (1088 0 128 ) (1344 0 128 ) (1344 -1024 128 ) (1088 -1024 128 ) 
4 199 250 (1344 -1024 0 ) (1344 -1024 128 ) (1088 -1024 128 ) (1088 -1024 0 ) 
4 200 252 (1024 -1024 128 ) (1024 -1024 576 ) (590 -1024 576 ) (590 -1024 128 ) 
3 200 213 (590 0 42.001949 ) (590 0 8 ) (590 -68.003906 8 ) 
5 200 212 (590 0 81 ) (590 0 42.001949 ) (590 -68.003906 8 ) (590 -1024 8 ) (590 -1024 81 ) 
4 200 210 (590 0 576 ) (590 0 81 ) (590 -1024 81 ) (590 -1024 576 ) 
4 200 207 (832 -68.003906 8 ) (832 -78 8 ) (700 -78 8 ) (700 -68.003906 8 ) 
4 200 206 (704 0 8 ) (832 0 8 ) (832 -64 8 ) (704 -64 8 ) 
4 200 205 (690 -78 8 ) (690 0 8 ) (700 0 8 ) (700 -78 8 ) 
4 200 208 (832 -1024 8 ) (690 -1024 8 ) (690 -78 8 ) (832 -78 8 ) 
4 200 203 (836 0 8 ) (846 0 8 ) (846 -68.003906 8 ) (836 -68.003906 8 ) 
4 200 202 (846 -1024 8 ) (832 -1024 8 ) (832 -68.003906 8 ) (846 -68.003906 8 ) 
4 200 209 (690 -1024 8 ) (590 -1024 8 ) (590 0 8 ) (690 0 8 ) 
4 200 201 (1024 -1024 8 ) (846 -1024 8 ) (846 0 8 ) (1024 0 8 ) 
4 201 204 (846 -78 0 ) (846 -1024 0 ) (846 -1024 6 ) (846 -78 6 ) 
4 201 203 (846 -68.003906 8 ) (846 0 8 ) (846 0 6 ) (846 -72.003906 6 ) 
4 201 202 (846 -1024 6 ) (846 -1024 8 ) (846 -68.003906 8 ) (846 -72.003906 6 ) 
4 202 207 (832 -78 8 ) (832 -68.003906 8 ) (832 -72.003906 6 ) (832 -78 6 ) 
4 202 208 (832 -1024 6 ) (832 -1024 8 ) (832 -78 8 ) (832 -78 6 ) 
4 202 204 (832 -1024 6 ) (832 -78 6 ) (846 -78 6 ) (846 -1024 6 ) 
4 202 203 (846 -72.003906 6 ) (840 -72.003906 6 ) (836 -68.003906 8 ) (846 -68.003906 8 ) 
4 204 208 (832 -78 0 ) (832 -1024 0 ) (832 -1024 6 ) (832 -78 6 ) 
4 205 207 (700 -78 8 ) (696 -78 6 ) (696 -72.003906 6 ) (700 -68.003906 8 ) 
4 205 209 (690 -78 6 ) (690 -78 8 ) (690 0 8 ) (690 0 6 ) 
4 205 208 (690 -78 8 ) (690 -78 6 ) (696 -78 6 ) (700 -78 8 ) 
4 207 208 (832 -78 6 ) (832 -78 8 ) (700 -78 8 ) (696 -78 6 ) 
4 208 209 (690 -78 0 ) (690 -1024 0 ) (690 -1024 8 ) (690 -78 8 ) 
4 209 219 (590 -78 0 ) (590 -1024 0 ) (590 -1024 6 ) (590 -78 6 ) 
4 209 214 (590 0 8 ) (590 0 6 ) (590 -72.003906 6 ) (590 -68.003906 8 ) 
4 209 212 (590 -72.003906 6 ) (590 -1024 6 ) (590 -1024 8 ) (590 -68.003906 8 ) 
4 210 252 (434 -1024 576 ) (434 -1024 128 ) (590 -1024 128 ) (590 -1024 576 ) 
4 210 221 (434 -1024 6 ) (434 -1024 8 ) (434 0 8 ) (434 0 6 ) 
4 210 220 (434 -1024 8 ) (434 -1024 576 ) (434 0 576 ) (434 0 8 ) 
4 210 217 (444 -68.003906 8 ) (444 -1024 8 ) (440 -1024 6 ) (440 -72.003967 6 ) 
4 210 215 (444 0 8 ) (576 0 74 ) (576 -1024 74 ) (444 -1024 8 ) 
4 210 212 (576 0 74 ) (590 0 81 ) (590 -1024 81 ) (576 -1024 74 ) 
4 210 211 (434 -1024 6 ) (434 -78 6 ) (440.001953 -78 6 ) (440.001984 -1024 6 ) 
4 211 221 (434 -1024 3 ) (434 -1024 6 ) (434 -78 6 ) (434 -78 3 ) 
4 211 219 (434 -1024 3 ) (434 -78 3 ) (440 -78 6 ) (440 -1024 6 ) 
4 212 219 (590 -78 6 ) (590 -1024 6 ) (576 -1024 6 ) (576 -78 6 ) 
4 212 217 (576 -72.003906 6 ) (576 -1024 6 ) (576 -1024 8 ) (576 -68.003906 8 ) 
5 212 215 (576 -1024 8 ) (576 -1024 73.998077 ) (576 0 73.998047 ) (576 0 42.001953 ) (576 -68.003906 8 ) 
4 212 214 (590 -72.003906 6 ) (584 -72.003906 6 ) (580 -68.003906 8 ) (590 -68.003906 8 ) 
4 212 213 (576 -68.003906 8 ) (576 0 42.001953 ) (590 0 42.001953 ) (590 -68.003906 8 ) 
3 213 215 (576 -68.003906 8 ) (576 0 42.001953 ) (576 0 8 ) 
4 213 214 (590 -68.001938 8 ) (580 -68.001938 8 ) (580 0 8 ) (590 0 8 ) 
4 215 217 (444 -1024 8 ) (444 -68.003906 8 ) (576 -68.003906 8 ) (576 -1024 8 ) 
4 215 216 (448 0 8 ) (576 0 8 ) (576 -64 8 ) (448 -64 8 ) 
4 216 218 (448 0 6 ) (576 0 6 ) (576 -64 6 ) (448 -64 6 ) 
4 217 219 (440.001984 -1024 6 ) (440.001953 -78 6 ) (576 -78 6 ) (576 -1024 6 ) 
4 219 221 (434 -78 0 ) (434 -1024 0 ) (434 -1024 3 ) (434 -78 3 ) 
4 220 252 (178 -1024 576 ) (178 -1024 128 ) (434 -1024 128 ) (434 -1024 576 ) 
4 220 233 (178 0 256 ) (178 0 8 ) (178 -1024 8 ) (178 -1024 256 ) 
4 220 232 (178 0 576 ) (178 0 256 ) (178 -1024 256 ) (178 -1024 576 ) 
4 220 230 (192 -68.003906 8 ) (192 -1024 8 ) (188 -1024 8 ) (188 -68.003906 8 ) 
4 220 228 (178 -1024 8 ) (178 0 8 ) (188 0 8 ) (188 -1024 8 ) 
4 220 226 (334 -64 8 ) (334 -68.003906 8 ) (324 -68.003906 8 ) (324 -64 8 ) 
4 220 224 (334 -68.003906 8 ) (334 -1024 8 ) (192 -1024 8 ) (192 -68.003906 8 ) 
4 220 222 (324 0 8 ) (334 0 8 ) (334 -64 8 ) (324 -64 8 ) 
4 220 223 (192 0 8 ) (320 0 8 ) (320 -64 8 ) (192 -64 8 ) 
4 220 221 (334 0 8 ) (434 0 8 ) (434 -1024 8 ) (334 -1024 8 ) 
4 221 226 (334 -72.003906 6 ) (334 -68.003906 8 ) (334 -64 8 ) (334 -64 6 ) 
3 221 227 (334 -78 0 ) (334 -84.003906 0 ) (334 -78 3.001953 ) 
5 221 225 (334 -84.003906 0 ) (334 -1024 0 ) (334 -1024 6 ) (334 -78 6 ) (334 -78 3.001953 ) 
4 221 224 (334 -1024 6 ) (334 -1024 8 ) (334 -68.003906 8 ) (334 -72.003906 6 ) 
4 221 222 (334 -64 6 ) (334 -64 8 ) (334 0 8 ) (334 0 6 ) 
4 222 226 (334 -64 6 ) (334 -64 8 ) (324 -64 8 ) (328 -64 6 ) 
4 224 230 (192 -1024 6 ) (192 -1024 8 ) (192 -68.003906 8 ) (192 -72.003906 6 ) 
4 224 226 (324 -68.001808 8 ) (334 -68.001945 8 ) (334 -72.001945 6 ) (328 -72.001862 6 ) 
4 224 225 (192 -1024 6 ) (192 -78 6 ) (334 -78 6 ) (334 -1024 6 ) 
5 225 231 (192 -84.003906 0 ) (192 -1024 0 ) (192 -1024 6 ) (192 -78 6 ) (192 -78 3.001953 ) 
4 225 227 (192 -84 0 ) (192 -78 3 ) (334 -78 3 ) (334 -84.001945 0 ) 
3 227 231 (192 -78 0 ) (192 -84.003906 0 ) (192 -78 3.001953 ) 
4 228 233 (178 0 8 ) (178 0 6 ) (178 -1024 6 ) (178 -1024 8 ) 
4 228 230 (188 -68.003906 8 ) (188 -1024 8 ) (184 -1024 6 ) (184 -72.003906 6 ) 
4 228 229 (178 -1024 6 ) (178 -78 6 ) (184 -78 6 ) (184 -1024 6 ) 
4 229 233 (178 -78 3 ) (178 -1024 3 ) (178 -1024 6 ) (178 -78 6 ) 
4 229 231 (178 -1024 3 ) (178 -78 3 ) (184 -78 6 ) (184 -1024 6 ) 
4 230 231 (184 -1024 6 ) (184 -78 6 ) (192 -78 6 ) (192 -1024 6 ) 
4 231 233 (178 -78 0 ) (178 -1024 0 ) (178 -1024 3 ) (178 -78 3 ) 
4 232 285 (0 -178 256 ) (0 -1024 256 ) (0 -1024 576 ) (0 -178 576 ) 
4 232 254 (0 0 576 ) (0 0 256 ) (0 -24 256 ) (0 -24 576 ) 
4 232 255 (0 -24 256 ) (0 -178 256 ) (0 -178 576 ) (0 -24 576 ) 
4 232 252 (0 -1024 576 ) (0 -1024 256 ) (178 -1024 256 ) (178 -1024 576 ) 
4 232 241 (0 -78 256 ) (0 -64 256 ) (78 -64 256 ) (78 -78 256 ) 
4 232 239 (0 -32 256 ) (0 -24 256 ) (24 -24 256 ) (24 -32 256 ) 
4 232 237 (24 0 256 ) (32 0 256 ) (32 -32 256 ) (24 -32 256 ) 
4 232 240 (0 -64 256 ) (0 -32 256 ) (32 -32 256 ) (32 -64 256 ) 
4 232 234 (64 0 256 ) (78 0 256 ) (78 -64 256 ) (64 -64 256 ) 
4 232 236 (32 0 256 ) (64 0 256 ) (64 -64 256 ) (32 -64 256 ) 
4 232 244 (0 -1024 256 ) (0 -78 256 ) (78 -78 256 ) (78 -1024 256 ) 
4 232 233 (78 0 256 ) (178 0 256 ) (178 -1024 256 ) (78 -1024 256 ) 
4 233 252 (178 -1024 128 ) (178 -1024 256 ) (78 -1024 256 ) (78 -1024 128 ) 
4 233 243 (78 -64 8 ) (78 -64 6 ) (78 -72.003906 6 ) (78 -68.003891 8 ) 
3 233 242 (78 -64 10.001938 ) (78 -64 8 ) (78 -68.003891 8 ) 
5 233 241 (78 -78 6 ) (78 -78 256 ) (78 -64 256 ) (78 -64 10.001938 ) (78 -72.003906 6 ) 
4 233 235 (78 -64 6 ) (78 -64 8 ) (78 0 8 ) (78 0 6 ) 
4 233 234 (78 -64 8 ) (78 -64 256 ) (78 0 256 ) (78 0 8 ) 
4 233 244 (78 -78 0 ) (78 -1024 0 ) (78 -1024 256 ) (78 -78 256 ) 
4 234 242 (78 -64 8 ) (78 -64 10.001952 ) (64 -64 10.001953 ) (64 -64 8 ) 
4 234 241 (78 -64 10.001952 ) (78 -64 256 ) (64 -64 256 ) (64 -64 10.001953 ) 
4 234 235 (78 -64 8 ) (68 -64 8 ) (68 0 8 ) (78 0 8 ) 
4 234 236 (64 -64 8 ) (64 -64 256 ) (64 0 256 ) (64 0 8 ) 
4 235 243 (78 -64 6 ) (78 -64 8 ) (68 -64 8 ) (72 -64 6 ) 
4 236 242 (64 -64 8 ) (64 -64 10.001951 ) (32 -64 10.001938 ) (32 -64 8 ) 
4 236 241 (64 -64 10.001951 ) (64 -64 256 ) (32 -64 256 ) (32 -64 10.001938 ) 
3 236 238 (32 -32 56 ) (32 0 88 ) (32 0 56 ) 
4 236 237 (32 -32 56 ) (32 -32 256 ) (32 0 256 ) (32 0 88 ) 
4 236 240 (32 -32 0 ) (32 -64 0 ) (32 -64 256 ) (32 -32 256 ) 
4 237 239 (24 -32 56 ) (24 -32 256 ) (24 -24 256 ) (24 -24 64 ) 
4 237 238 (32 0 88 ) (32 -32 56 ) (24 -24 64 ) (24 0 88 ) 
4 237 240 (32 -32 56 ) (32 -32 256 ) (24 -32 256 ) (24 -32 56 ) 
4 239 275 (0 -32 56 ) (0 -32 88 ) (0 -24 88 ) (0 -24 64 ) 
4 239 255 (0 -32 88 ) (0 -32 256 ) (0 -24 256 ) (0 -24 88 ) 
4 239 240 (24 -32 56 ) (24 -32 256 ) (0 -32 256 ) (0 -32 56 ) 
4 240 277 (0 -32 0 ) (0 -64 0 ) (0 -64 24 ) (0 -32 56 ) 
4 240 275 (0 -64 24 ) (0 -64 88 ) (0 -32 88 ) (0 -32 56 ) 
4 240 255 (0 -64 88 ) (0 -64 256 ) (0 -32 256 ) (0 -32 88 ) 
4 240 242 (32 -64 8 ) (32 -64 10.001951 ) (0 -64 10.001938 ) (0 -64 8 ) 
4 240 241 (32 -64 10.001951 ) (32 -64 256 ) (0 -64 256 ) (0 -64 10.001938 ) 
4 241 279 (0 -78 6 ) (0 -78 8 ) (0 -68.003891 8 ) (0 -72.003906 6 ) 
5 241 278 (0 -78 8 ) (0 -78 10 ) (0 -64 24 ) (0 -64 10.001938 ) (0 -68.003891 8 ) 
4 241 275 (0 -78 10 ) (0 -78 88 ) (0 -64 88 ) (0 -64 24 ) 
4 241 255 (0 -78 88 ) (0 -78 256 ) (0 -64 256 ) (0 -64 88 ) 
4 241 243 (78 -72.003906 6 ) (72 -72.003906 6 ) (68 -68.003906 8 ) (78 -68.003906 8 ) 
4 241 242 (0 -68.003906 8 ) (0 -64 10.001953 ) (78 -64 10.001953 ) (78 -68.003906 8 ) 
4 241 244 (78 -78 6 ) (78 -78 256 ) (0 -78 256 ) (0 -78 6 ) 
3 242 278 (0 -64 10.001938 ) (0 -64 8 ) (0 -68.003891 8 ) 
4 242 243 (78 -68.001953 8 ) (68 -68.001953 8 ) (68 -64 8 ) (78 -64 8 ) 
4 244 291 (0 -178 0 ) (0 -1024 0 ) (0 -1024 8 ) (0 -178 8 ) 
4 244 285 (0 -1024 8 ) (0 -1024 256 ) (0 -178 256 ) (0 -178 8 ) 
4 244 284 (0 -78 0 ) (0 -178 0 ) (0 -178 88 ) (0 -78 88 ) 
4 244 255 (0 -178 88 ) (0 -178 256 ) (0 -78 256 ) (0 -78 88 ) 
4 244 252 (0 -1024 256 ) (0 -1024 128 ) (78 -1024 128 ) (78 -1024 256 ) 
4 245 251 (1080 -1344 128 ) (1080 -1088 128 ) (1088 -1088 128 ) (1088 -1344 128 ) 
4 245 250 (1088 -1024 128 ) (1344 -1024 128 ) (1344 -1344 128 ) (1088 -1344 128 ) 
4 245 249 (1080 -1080 128 ) (1080 -1344 128 ) (1080 -1344 576 ) (1080 -1080 576 ) 
4 245 247 (1080 -1080 256 ) (1080 -1080 576 ) (1080 -1032 576 ) (1080 -1032 256 ) 
4 245 246 (1080 -1024 128 ) (1080 -1032 128 ) (1080 -1032 576 ) (1080 -1024 576 ) 
4 246 247 (1032 -1032 576 ) (1032 -1032 256 ) (1080 -1032 256 ) (1080 -1032 576 ) 
4 246 248 (1032 -1024 128 ) (1032 -1032 128 ) (1032 -1032 576 ) (1032 -1024 576 ) 
4 247 249 (1080 -1080 256 ) (1080 -1080 576 ) (1032 -1080 576 ) (1032 -1080 256 ) 
4 247 248 (1032 -1080 256 ) (1032 -1080 576 ) (1032 -1032 576 ) (1032 -1032 256 ) 
4 248 252 (1024 -1024 576 ) (1024 -1024 128 ) (1024 -1080 128 ) (1024 -1080 576 ) 
4 248 249 (1024 -1080 128 ) (1032 -1080 128 ) (1032 -1080 576 ) (1024 -1080 576 ) 
4 249 252 (1024 -1080 128 ) (1024 -1344 128 ) (1024 -1344 576 ) (1024 -1080 576 ) 
4 249 251 (1024 -1344 128 ) (1024 -1088 128 ) (1080 -1088 128 ) (1080 -1344 128 ) 
4 250 251 (1088 -1088 0 ) (1088 -1344 0 ) (1088 -1344 128 ) (1088 -1088 128 ) 
4 251 253 (1024 -1088 0 ) (1024 -1344 0 ) (1024 -1344 128 ) (1024 -1088 128 ) 
4 252 312 (0 -1344 128 ) (0 -1344 576 ) (0 -1024 576 ) (0 -1024 128 ) 
4 252 253 (1024 -1344 128 ) (0 -1344 128 ) (0 -1088 128 ) (1024 -1088 128 ) 
4 253 313 (0 -1344 0 ) (0 -1344 128 ) (0 -1088 128 ) (0 -1088 0 ) 
4 254 256 (-24 -24 256 ) (-24 -24 576 ) (-24 0 576 ) (-24 0 256 ) 
4 254 255 (-24 -24 576 ) (-24 -24 256 ) (0 -24 256 ) (0 -24 576 ) 
4 255 285 (-24 -178 64 ) (0 -178 88 ) (0 -178 576 ) (-24 -178 576 ) 
4 255 275 (-24 -78 63.996105 ) (-24 -24 63.996109 ) (0 -24 87.996117 ) (0 -78 87.996109 ) 
4 255 284 (0 -178 87.996094 ) (-24 -178 63.996094 ) (-24 -78 63.996105 ) (0 -78 87.996109 ) 
4 255 256 (-24 -24 64 ) (-24 -178 64 ) (-24 -178 576 ) (-24 -24 576 ) 
4 256 286 (-200 -178 8 ) (-192 -178 8 ) (-192 -178 576 ) (-200 -178 576 ) 
5 256 285 (-192 -178 8 ) (-80 -178 8 ) (-24 -178 64 ) (-24 -178 576 ) (-192 -178 576 ) 
5 256 280 (-78 0 9.996101 ) (-64 0 23.996105 ) (-64 -64.003906 23.996101 ) (-77.996094 -78 10 ) (-78 -78 9.996101 ) 
3 256 277 (-31.996103 -32 56 ) (-64 -64.003906 23.996101 ) (-64 -32 23.996103 ) 
4 256 276 (-64 0 23.996105 ) (-32 0 55.996113 ) (-32 -32 55.996109 ) (-64 -32 23.996103 ) 
3 256 275 (-24 -24.003893 63.996109 ) (-24 -78 63.996105 ) (-77.996094 -78 10 ) 
4 256 283 (-79.996101 -78 8 ) (-79.996101 0 8 ) (-78 0 9.996101 ) (-78 -78 9.996101 ) 
4 256 284 (-24 -178 63.996094 ) (-79.996094 -178 8 ) (-79.996101 -78 8 ) (-24 -78 63.996105 ) 
4 256 269 (-192 -178 8 ) (-200 -178 8 ) (-200 -68.003906 8 ) (-192 -68.003906 8 ) 
4 256 266 (-200 -64 8 ) (-200 0 8 ) (-192 0 8 ) (-192 -64 8 ) 
4 256 264 (-178 -68.003899 8 ) (-188 -68.003899 8 ) (-188 0 8 ) (-178 0 8 ) 
4 256 263 (-80.001953 0 8 ) (-80.001953 -68.003906 8 ) (-178 -68.003899 8 ) (-178 0 8 ) 
4 256 260 (-80.001953 -68.003906 8 ) (-80.001945 -178 8 ) (-192 -178 8 ) (-192 -68.003899 8 ) 
4 256 257 (-200 -8 128 ) (-200 -8 576 ) (-200 0 576 ) (-200 0 128 ) 
4 256 258 (-200 -8 8 ) (-200 -178 8 ) (-200 -178 576 ) (-200 -8 576 ) 
4 257 258 (-312 -8 576 ) (-312 -8 128 ) (-200 -8 128 ) (-200 -8 576 ) 
4 257 259 (-312 -8 128 ) (-312 -8 576 ) (-312 0 576 ) (-312 0 128 ) 
4 258 286 (-312 -178 8 ) (-200 -178 8 ) (-200 -178 576 ) (-312 -178 576 ) 
4 258 269 (-200 -178 8 ) (-312 -178 8 ) (-312 -68.003906 8 ) (-200 -68.003906 8 ) 
4 258 267 (-312 -64 8 ) (-312 -8 8 ) (-200 -8 8 ) (-200 -64 8 ) 
4 258 259 (-312 -8 8 ) (-312 -178 8 ) (-312 -178 576 ) (-312 -8 576 ) 
4 259 300 (-334 0 576 ) (-334 0 8 ) (-334 -178 8 ) (-334 -178 576 ) 
4 259 286 (-320 -178 8 ) (-312 -178 8 ) (-312 -178 576 ) (-320 -178 576 ) 
4 259 290 (-334 -178 576 ) (-334 -178 8 ) (-320 -178 8 ) (-320 -178 576 ) 
4 259 273 (-334 -68.003899 8 ) (-334 0 8 ) (-324 0 8 ) (-324 -68.003906 8 ) 
4 259 271 (-320 -178 8 ) (-334 -178 8 ) (-334 -68.003899 8 ) (-320 -68.003906 8 ) 
4 259 269 (-312 -178 8 ) (-320 -178 8 ) (-320 -68.003906 8 ) (-312 -68.003906 8 ) 
4 259 268 (-320 -64 8 ) (-320 0 8 ) (-312 0 8 ) (-312 -64 8 ) 
4 260 294 (-188 -178 8 ) (-192 -178 8 ) (-192 -178 6 ) (-184 -178 6 ) 
4 260 293 (-178 -178 8 ) (-188 -178 8 ) (-184 -178 6 ) (-178 -178 6 ) 
4 260 291 (-82 -178 6 ) (-80 -178 8 ) (-178 -178 8 ) (-178 -178 6 ) 
4 260 283 (-81.996101 -78 6 ) (-81.996101 -72.003906 6 ) (-79.996101 -68.003906 8 ) (-79.996101 -78 8 ) 
4 260 284 (-79.996094 -178 8 ) (-81.996094 -178 6 ) (-81.996101 -78 6 ) (-79.996101 -78 8 ) 
4 260 269 (-192 -178 6 ) (-192 -178 8 ) (-192 -68.003899 8 ) (-192 -72.003899 6 ) 
4 260 264 (-188 -68.003906 8 ) (-178 -68.003906 8 ) (-178 -72.003906 6 ) (-184 -72.003906 6 ) 
4 260 263 (-178 -68.003906 8 ) (-80 -68.003914 8 ) (-82 -72.003914 6 ) (-178 -72.003906 6 ) 
4 260 261 (-178 -72.005852 6 ) (-82 -72.005852 6 ) (-82 -78 6 ) (-178 -78 6 ) 
4 260 262 (-192 -178 6 ) (-192 -78 6 ) (-82 -78 6 ) (-82 -178 6 ) 
3 261 283 (-84.994148 -78 3.001953 ) (-81.996101 -72.003906 6 ) (-81.996101 -78 6 ) 
4 261 263 (-178 -72.003906 6 ) (-82 -72.003914 6 ) (-84.998123 -78 3.001957 ) (-178 -78 3.001954 ) 
4 261 262 (-178 -78 3 ) (-85 -78 3 ) (-82 -78 6 ) (-178 -78 6 ) 
4 262 291 (-178 -178 0 ) (-88 -178 0 ) (-82 -178 6 ) (-178 -178 6 ) 
5 262 284 (-81.996094 -178 6 ) (-87.996094 -178 0 ) (-87.996101 -84.003906 0 ) (-84.994148 -78 3.001953 ) (-81.996101 -78 6 ) 
5 262 270 (-192 -84.003906 0 ) (-192 -178 0 ) (-192 -178 6 ) (-192 -78 6 ) (-192 -78 3.001951 ) 
4 262 265 (-192 -84.003906 0 ) (-192 -78 3.001953 ) (-178 -78 3.001954 ) (-178 -84.003906 0 ) 
4 262 263 (-178 -78 3.001954 ) (-84.998123 -78 3.001957 ) (-88 -84.003914 0 ) (-178 -84.003906 0 ) 
5 263 283 (-87.996101 -78 0 ) (-87.996101 0 0 ) (-79.996101 0 8 ) (-79.996101 -68.003906 8 ) (-84.994148 -78 3.001953 ) 
3 263 284 (-87.996101 -84.003906 0 ) (-87.996101 -78 0 ) (-84.994148 -78 3.001953 ) 
4 263 264 (-178 -72.007813 6 ) (-178 -68.007813 8 ) (-178 0 8 ) (-178 0 6 ) 
3 263 265 (-178 -78 0 ) (-178 -84.007813 0 ) (-178 -78 3.003906 ) 
3 265 270 (-192 -78 0 ) (-192 -84.003906 0 ) (-192 -78 3.001952 ) 
4 266 267 (-200 -8 0 ) (-200 -64 0 ) (-200 -64 8 ) (-200 -8 8 ) 
4 267 268 (-312 -8 0 ) (-312 -64 0 ) (-312 -64 8 ) (-312 -8 8 ) 
4 269 295 (-192 -178 6 ) (-192 -178 8 ) (-320 -178 8 ) (-320 -178 6 ) 
4 269 271 (-320 -178 6 ) (-320 -178 8 ) (-320 -68.003906 8 ) (-320 -72.003899 6 ) 
4 269 270 (-320 -178 6 ) (-320 -78 6 ) (-192 -78 6 ) (-192 -178 6 ) 
3 270 274 (-320 -78 0 ) (-320 -84.003906 0 ) (-320 -78 3.001953 ) 
5 270 272 (-320 -84.003906 0 ) (-320 -178 0 ) (-320 -178 6 ) (-320 -78 6 ) (-320 -78 3.001953 ) 
4 271 301 (-334 -178 6 ) (-334 -178 8 ) (-334 -68.003899 8 ) (-334 -72.003899 6 ) 
4 271 296 (-328 -178 6 ) (-320 -178 6 ) (-320 -178 8 ) (-324 -178 8 ) 
4 271 292 (-334 -178 8 ) (-334 -178 6 ) (-328 -178 6 ) (-324 -178 8 ) 
4 271 273 (-334 -68.007813 8 ) (-324 -68.007813 8 ) (-328 -72.007813 6 ) (-334 -72.007813 6 ) 
4 271 272 (-320 -78 6 ) (-320 -178 6 ) (-334 -178 6 ) (-334 -78 6 ) 
5 272 301 (-334 -84.003906 0 ) (-334 -178 0 ) (-334 -178 6 ) (-334 -78 6 ) (-334 -78 3.001951 ) 
4 272 274 (-320 -78 3.003906 ) (-320 -84.007813 0 ) (-334 -84.007805 0 ) (-334 -78 3.003904 ) 
4 273 301 (-334 0 8 ) (-334 0 6 ) (-334 -72.003899 6 ) (-334 -68.003899 8 ) 
3 274 301 (-334 -78 0 ) (-334 -84.003906 0 ) (-334 -78 3.001952 ) 
3 275 280 (-64 -78 10 ) (-78 -78 10 ) (-64 -64 24 ) 
4 275 278 (0 -78 10 ) (-64 -78 10 ) (-64 -64 24 ) (0 -64 24 ) 
4 275 277 (-64 -64 24 ) (-32 -32 56 ) (0 -32 56 ) (0 -64 24 ) 
3 275 284 (0 -78 87.996094 ) (-77.996094 -78 10 ) (0 -78 10 ) 
4 276 282 (-64 -32 8 ) (-64 -32 10 ) (-64 0 10 ) (-64 0 8 ) 
4 276 280 (-64 -32 10 ) (-64 -32 24 ) (-64 0 24 ) (-64 0 10 ) 
4 276 277 (-64 -32 24 ) (-64 -32 0 ) (-32 -32 0 ) (-32 -32 56 ) 
4 277 282 (-64 -64 8 ) (-64 -64 10 ) (-64 -32 10 ) (-64 -32 8 ) 
4 277 280 (-64 -64 10 ) (-64 -64 24 ) (-64 -32 24 ) (-64 -32 10 ) 
5 277 278 (-64 -64 24 ) (-64 -64 8 ) (0 -64 8 ) (0 -64 24.003902 ) (-63.992188 -64 24.003906 ) 
4 278 282 (-64 -64.003906 10 ) (-64 -64 10 ) (-64 -64 8 ) (-64 -68.003906 8 ) 
4 278 281 (-64 -78 8 ) (-64 -78 10 ) (-64 -64.003906 10 ) (-64 -68.003906 8 ) 
3 278 280 (-64 -78 10 ) (-64 -64 24 ) (-64 -64 10 ) 
4 278 279 (0 -78 8 ) (-64 -78 8 ) (-64 -68.003906 8 ) (0 -68.003906 8 ) 
4 278 284 (0 -78 8 ) (0 -78 10 ) (-64 -78 10 ) (-64 -78 8 ) 
4 279 281 (-64 -78 6 ) (-64 -78 8 ) (-64 -68.003906 8 ) (-64 -72.003906 6 ) 
4 279 284 (0 -78 6 ) (0 -78 8 ) (-64 -78 8 ) (-64 -78 6 ) 
4 280 282 (-64 0 10 ) (-64 -64.005859 10 ) (-67.998047 -68.003906 8 ) (-67.998047 0 8 ) 
5 280 281 (-64 -64.005859 10 ) (-64 -77.996094 10 ) (-64.007813 -78 9.995116 ) (-71.998047 -78 6 ) (-71.998047 -72.003906 6 ) 
5 280 284 (-77.996094 -78 10 ) (-78 -78 9.996094 ) (-78 -78 6 ) (-72 -78 6 ) (-64 -78 10 ) 
4 280 283 (-78 -78 6 ) (-78 -78 10 ) (-78 0 10 ) (-78 0 6 ) 
3 281 282 (-68 -68.003906 8 ) (-64 -64.003906 10 ) (-64 -68.003906 8 ) 
3 281 284 (-64 -78 6 ) (-64 -78 10 ) (-72 -78 6 ) 
3 283 284 (-78 -78 9.996094 ) (-87.996094 -78 0 ) (-78 -78 0 ) 
4 284 291 (-88 -178 0 ) (0 -178 0 ) (0 -178 8 ) (-80 -178 8 ) 
3 284 285 (0 -178 8 ) (0 -178 88 ) (-80 -178 8 ) 
4 285 312 (0 -1024 128 ) (0 -1024 576 ) (-192 -1024 576 ) (-192 -1024 128 ) 
4 285 298 (-178 -320 8 ) (-178 -324.003906 8 ) (-188 -324.003906 8 ) (-188 -320 8 ) 
4 285 297 (-178 -324.003906 8 ) (-178 -334 8 ) (-192 -334 8 ) (-192 -324.003906 8 ) 
4 285 294 (-192 -178 8 ) (-188 -178 8 ) (-188 -188 8 ) (-192 -188 8 ) 
4 285 293 (-188 -178 8 ) (-178 -178 8 ) (-178 -320 8 ) (-188 -320 8 ) 
4 285 299 (-178 -334 8 ) (-178 -1024 8 ) (-192 -1024 8 ) (-192 -334 8 ) 
4 285 291 (-178 -178 8 ) (0 -178 8 ) (0 -1024 8 ) (-178 -1024 8 ) 
4 285 287 (-192 -320 384 ) (-192 -320 576 ) (-192 -192 576 ) (-192 -192 384 ) 
4 285 288 (-192 -320 64 ) (-192 -320 128 ) (-192 -192 128 ) (-192 -192 64 ) 
4 285 286 (-192 -178 8 ) (-192 -192 8 ) (-192 -192 576 ) (-192 -178 576 ) 
4 285 289 (-192 -320 8 ) (-192 -1024 8 ) (-192 -1024 576 ) (-192 -320 576 ) 
4 286 295 (-320 -178 8 ) (-192 -178 8 ) (-192 -188 8 ) (-320 -188 8 ) 
4 286 287 (-320 -192 576 ) (-320 -192 384 ) (-192 -192 384 ) (-192 -192 576 ) 
4 286 288 (-320 -192 128 ) (-320 -192 64 ) (-192 -192 64 ) (-192 -192 128 ) 
4 286 290 (-320 -178 8 ) (-320 -192 8 ) (-320 -192 576 ) (-320 -178 576 ) 
4 287 290 (-320 -320 384 ) (-320 -320 576 ) (-320 -192 576 ) (-320 -192 384 ) 
4 287 289 (-320 -320 576 ) (-320 -320 384 ) (-192 -320 384 ) (-192 -320 576 ) 
4 288 289 (-320 -320 128 ) (-320 -320 64 ) (-192 -320 64 ) (-192 -320 128 ) 
4 288 290 (-320 -320 64 ) (-320 -320 128 ) (-320 -192 128 ) (-320 -192 64 ) 
4 289 312 (-192 -1024 576 ) (-320 -1024 576 ) (-320 -1024 128 ) (-192 -1024 128 ) 
4 289 297 (-192 -324.003906 8 ) (-192 -334 8 ) (-320 -334 8 ) (-320 -324.003906 8 ) 
4 289 299 (-192 -334 8 ) (-192 -1024 8 ) (-320 -1024 8 ) (-320 -334 8 ) 
4 289 290 (-320 -320 8 ) (-320 -1024 8 ) (-320 -1024 576 ) (-320 -320 576 ) 
4 290 312 (-320 -1024 576 ) (-334 -1024 576 ) (-334 -1024 128 ) (-320 -1024 128 ) 
4 290 300 (-334 -1024 8 ) (-334 -1024 576 ) (-334 -178 576 ) (-334 -178 8 ) 
4 290 297 (-320 -324.003906 8 ) (-320 -334 8 ) (-324 -334 8 ) (-324 -324.003906 8 ) 
4 290 296 (-324 -178 8 ) (-320 -178 8 ) (-320 -188 8 ) (-324 -188 8 ) 
4 290 292 (-334 -334 8 ) (-334 -178 8 ) (-324 -178 8 ) (-324 -334 8 ) 
4 290 299 (-334 -1024 8 ) (-334 -334 8 ) (-320 -334 8 ) (-320 -1024 8 ) 
4 291 298 (-178 -324.003906 8 ) (-178 -320 8 ) (-178 -320 6 ) (-178 -328.003906 6 ) 
4 291 297 (-178 -334 8 ) (-178 -324.003906 8 ) (-178 -328.003906 6 ) (-178 -334 6 ) 
4 291 293 (-178 -320 8 ) (-178 -178 8 ) (-178 -178 6 ) (-178 -320 6 ) 
4 291 299 (-178 -1024 8 ) (-178 -334 8 ) (-178 -334 0 ) (-178 -1024 0 ) 
4 292 301 (-334 -334 6 ) (-334 -334 8 ) (-334 -178 8 ) (-334 -178 6 ) 
4 292 297 (-324 -334 8 ) (-328 -334 6 ) (-328 -328.003906 6 ) (-324 -324.003906 8 ) 
4 292 296 (-328 -184 6 ) (-328 -178 6 ) (-324 -178 8 ) (-324 -188 8 ) 
4 292 299 (-324 -334 8 ) (-334 -334 8 ) (-334 -334 6 ) (-328 -334 6 ) 
4 293 298 (-184 -320 6 ) (-178 -320 6 ) (-178 -320 8 ) (-188 -320 8 ) 
4 293 294 (-188 -188 8 ) (-188 -178 8 ) (-184 -178 6 ) (-184 -184 6 ) 
4 294 295 (-192 -178 6 ) (-192 -184 6 ) (-192 -188 8 ) (-192 -178 8 ) 
4 295 296 (-320 -178 6 ) (-320 -184 6 ) (-320 -188 8 ) (-320 -178 8 ) 
4 297 298 (-178 -328.005859 6 ) (-184 -328.005859 6 ) (-188 -324.005859 8 ) (-178 -324.005859 8 ) 
4 297 299 (-178 -334 6 ) (-178 -334 8 ) (-324 -334 8 ) (-328 -334 6 ) 
4 299 301 (-334 -334 0 ) (-334 -1024 0 ) (-334 -1024 8 ) (-334 -334 8 ) 
4 300 312 (-1024 -1024 576 ) (-1024 -1024 128 ) (-334 -1024 128 ) (-334 -1024 576 ) 
4 300 310 (-1024 0 576 ) (-1024 0 128 ) (-1024 -1024 128 ) (-1024 -1024 576 ) 
4 300 307 (-590 0 8 ) (-580 0 8 ) (-580 -68.003906 8 ) (-590 -68.003906 8 ) 
4 300 306 (-576 -68.003906 8 ) (-576 -78 8 ) (-590 -78 8 ) (-590 -68.003906 8 ) 
4 300 305 (-448 -68.003906 8 ) (-448 -78 8 ) (-576 -78 8 ) (-576 -68.003906 8 ) 
4 300 304 (-576 0 8 ) (-448 0 8 ) (-448 -64 8 ) (-576 -64 8 ) 
4 300 303 (-444 0 8 ) (-434 0 8 ) (-434 -68.003906 8 ) (-444 -68.003906 8 ) 
4 300 302 (-434 -68.003906 8 ) (-434 -78 8 ) (-448 -78 8 ) (-448 -68.003906 8 ) 
4 300 308 (-434 -78 8 ) (-434 -1024 8 ) (-590 -1024 8 ) (-590 -78 8 ) 
4 300 301 (-434 0 8 ) (-334 0 8 ) (-334 -1024 8 ) (-434 -1024 8 ) 
4 300 309 (-1024 0 8 ) (-590 0 8 ) (-590 -1024 8 ) (-1024 -1024 8 ) 
4 301 303 (-434 -68.003906 8 ) (-434 0 8 ) (-434 0 6 ) (-434 -72.003906 6 ) 
4 301 302 (-434 -78 6 ) (-434 -78 8 ) (-434 -68.003906 8 ) (-434 -72.003906 6 ) 
4 301 308 (-434 -78 0 ) (-434 -1024 0 ) (-434 -1024 8 ) (-434 -78 8 ) 
4 302 305 (-448 -78 6 ) (-448 -78 8 ) (-448 -68.003906 8 ) (-448 -72.003906 6 ) 
4 302 303 (-434 -72.003906 6 ) (-440 -72.003906 6 ) (-444 -68.003906 8 ) (-434 -68.003906 8 ) 
4 302 308 (-434 -78 6 ) (-434 -78 8 ) (-448 -78 8 ) (-448 -78 6 ) 
4 305 306 (-576 -78 6 ) (-576 -78 8 ) (-576 -68.003906 8 ) (-576 -72.003906 6 ) 
4 305 308 (-448 -78 6 ) (-448 -78 8 ) (-576 -78 8 ) (-576 -78 6 ) 
4 306 307 (-584 -72.003906 6 ) (-590 -72.003906 6 ) (-590 -68.003906 8 ) (-580 -68.003906 8 ) 
4 306 309 (-590 -78 6 ) (-590 -78 8 ) (-590 -68.003906 8 ) (-590 -72.003906 6 ) 
4 306 308 (-590 -78 8 ) (-590 -78 6 ) (-576 -78 6 ) (-576 -78 8 ) 
4 307 309 (-590 -68.003906 8 ) (-590 0 8 ) (-590 0 6 ) (-590 -72.003906 6 ) 
4 308 309 (-590 -78 0 ) (-590 -1024 0 ) (-590 -1024 8 ) (-590 -78 8 ) 
4 310 318 (-1080 -1024 576 ) (-1344 -1024 576 ) (-1344 -1024 128 ) (-1080 -1024 128 ) 
4 310 315 (-1032 -1024 576 ) (-1080 -1024 576 ) (-1080 -1024 128 ) (-1032 -1024 128 ) 
4 310 314 (-1024 -1024 128 ) (-1024 -1024 576 ) (-1032 -1024 576 ) (-1032 -1024 128 ) 
4 310 311 (-1088 -1024 128 ) (-1344 -1024 128 ) (-1344 0 128 ) (-1088 0 128 ) 
4 311 320 (-1088 -1024 128 ) (-1344 -1024 128 ) (-1344 -1024 0 ) (-1088 -1024 0 ) 
4 312 317 (-1024 -1080 128 ) (-1024 -1344 128 ) (-1024 -1344 576 ) (-1024 -1080 576 ) 
4 312 314 (-1024 -1024 576 ) (-1024 -1024 128 ) (-1024 -1080 128 ) (-1024 -1080 576 ) 
4 312 313 (0 -1344 128 ) (-1024 -1344 128 ) (-1024 -1088 128 ) (0 -1088 128 ) 
4 313 319 (-1024 -1088 0 ) (-1024 -1344 0 ) (-1024 -1344 128 ) (-1024 -1088 128 ) 
4 314 317 (-1032 -1080 128 ) (-1024 -1080 128 ) (-1024 -1080 576 ) (-1032 -1080 576 ) 
4 314 316 (-1032 -1080 256 ) (-1032 -1080 576 ) (-1032 -1032 576 ) (-1032 -1032 256 ) 
4 314 315 (-1032 -1024 128 ) (-1032 -1032 128 ) (-1032 -1032 576 ) (-1032 -1024 576 ) 
4 315 318 (-1080 -1024 128 ) (-1080 -1032 128 ) (-1080 -1032 576 ) (-1080 -1024 576 ) 
4 315 316 (-1080 -1032 576 ) (-1080 -1032 256 ) (-1032 -1032 256 ) (-1032 -1032 576 ) 
4 316 318 (-1080 -1080 256 ) (-1080 -1080 576 ) (-1080 -1032 576 ) (-1080 -1032 256 ) 
4 316 317 (-1080 -1080 576 ) (-1080 -1080 256 ) (-1032 -1080 256 ) (-1032 -1080 576 ) 
4 317 319 (-1080 -1344 128 ) (-1080 -1088 128 ) (-1024 -1088 128 ) (-1024 -1344 128 ) 
4 317 318 (-1080 -1080 128 ) (-1080 -1344 128 ) (-1080 -1344 576 ) (-1080 -1080 576 ) 
4 318 319 (-1080 -1088 128 ) (-1080 -1344 128 ) (-1088 -1344 128 ) (-1088 -1088 128 ) 
4 318 320 (-1344 -1344 128 ) (-1344 -1024 128 ) (-1088 -1024 128 ) (-1088 -1344 128 ) 
4 319 320 (-1088 -1088 0 ) (-1088 -1344 0 ) (-1088 -1344 128 ) (-1088 -1088 128 ) 
